Using pre-set license
Built from '2020.3/staging' branch; Version is '2020.3.0f1 (c7b5465681fb) revision 13088070'; Using compiler version '192528614'; Build Type 'Release'
OS: 'Windows 10 Home; OS build 19043.1348; Version 2009; 64bit' Language: 'en' Physical Memory: 16209 MB
BatchMode: 1, IsHumanControllingUs: 0, StartBugReporterOnCrash: 0, Is64bit: 1, IsPro: 0

 COMMAND LINE ARGUMENTS:
C:\Program Files\Unity\Hub\Editor\2020.3.0f1\Editor\Unity.exe
-adb2
-batchMode
-noUpm
-name
AssetImportWorker0
-projectPath
C:/Users/chall/Documents/GitHub/3d-beginner/3D-Beginner
-logFile
Logs/AssetImportWorker0.log
-srvPort
62815
Successfully changed project path to: C:/Users/chall/Documents/GitHub/3d-beginner/3D-Beginner
C:/Users/chall/Documents/GitHub/3d-beginner/3D-Beginner
Using Asset Import Pipeline V2.
Refreshing native plugins compatible for Editor in 51.61 ms, found 0 plugins.
Preloading 0 native plugins for Editor in 0.00 ms.
Initialize engine version: 2020.3.0f1 (c7b5465681fb)
[Subsystems] Discovering subsystems at path C:/Program Files/Unity/Hub/Editor/2020.3.0f1/Editor/Data/Resources/UnitySubsystems
[Subsystems] Discovering subsystems at path C:/Users/chall/Documents/GitHub/3d-beginner/3D-Beginner/Assets
GfxDevice: creating device client; threaded=0
Direct3D:
    Version:  Direct3D 11.0 [level 11.1]
    Renderer: NVIDIA GeForce RTX 2060 SUPER (ID=0x1f06)
    Vendor:   
    VRAM:     8031 MB
    Driver:   30.0.14.7141
Initialize mono
Mono path[0] = 'C:/Program Files/Unity/Hub/Editor/2020.3.0f1/Editor/Data/Managed'
Mono path[1] = 'C:/Program Files/Unity/Hub/Editor/2020.3.0f1/Editor/Data/MonoBleedingEdge/lib/mono/unityjit'
Mono config path = 'C:/Program Files/Unity/Hub/Editor/2020.3.0f1/Editor/Data/MonoBleedingEdge/etc'
Using monoOptions --debugger-agent=transport=dt_socket,embedding=1,server=y,suspend=n,address=127.0.0.1:56948
Begin MonoManager ReloadAssembly
Registering precompiled unity dll's ...
Register platform support module: C:/Program Files/Unity/Hub/Editor/2020.3.0f1/Editor/Data/PlaybackEngines/WebGLSupport/UnityEditor.WebGL.Extensions.dll
Register platform support module: C:/Program Files/Unity/Hub/Editor/2020.3.0f1/Editor/Data/PlaybackEngines/WindowsStandaloneSupport/UnityEditor.WindowsStandalone.Extensions.dll
Registered in 0.001939 seconds.
Native extension for WindowsStandalone target not found
Native extension for WebGL target not found
Refreshing native plugins compatible for Editor in 39.49 ms, found 0 plugins.
Preloading 0 native plugins for Editor in 0.00 ms.
Invoked RoslynAnalysisRunner static constructor.
RoslynAnalysisRunner will not be running.
RoslynAnalysisRunner has terminated.
Mono: successfully reloaded assembly
- Completed reload, in  1.135 seconds
Platform modules already initialized, skipping
Registering precompiled user dll's ...
Registered in 0.002655 seconds.
Begin MonoManager ReloadAssembly
Native extension for WindowsStandalone target not found
Native extension for WebGL target not found
Refreshing native plugins compatible for Editor in 0.47 ms, found 0 plugins.
Preloading 0 native plugins for Editor in 0.00 ms.
Invoked RoslynAnalysisRunner static constructor.
RoslynAnalysisRunner will not be running.
RoslynAnalysisRunner has terminated.
Mono: successfully reloaded assembly
- Completed reload, in  0.936 seconds
Platform modules already initialized, skipping
========================================================================
Worker process is ready to serve import requests
Launched and connected shader compiler UnityShaderCompiler.exe after 0.05 seconds
Refreshing native plugins compatible for Editor in 0.47 ms, found 0 plugins.
Preloading 0 native plugins for Editor in 0.00 ms.
Unloading 1624 Unused Serialized files (Serialized files now loaded: 0)
System memory in use before: 149.5 MB.
System memory in use after: 149.5 MB.

Unloading 36 unused Assets to reduce memory usage. Loaded Objects now: 2058.
Total: 2.010200 ms (FindLiveObjects: 0.169600 ms CreateObjectMapping: 0.066900 ms MarkObjects: 1.670000 ms  DeleteObjects: 0.102600 ms)

========================================================================
Received Import Request.
  path: Assets/Textures/VFX/DustMote.png
  artifactKey: Guid(394e93ce356b57344903a08ff72fcab2) Importer(815301076,1909f56bfc062723c751e8b465ee728b)
Start importing Assets/Textures/VFX/DustMote.png using Guid(394e93ce356b57344903a08ff72fcab2) Importer(815301076,1909f56bfc062723c751e8b465ee728b)  -> (artifact id: '2e57f7465f80dcfda7c7a3ff1da6b2b8') in 0.115041 seconds
  Import took 0.117710 seconds .

========================================================================
Received Import Request.
  Time since last request: 0.000272 seconds.
  path: Assets/Textures/UI/Won.png
  artifactKey: Guid(623a7345ca6d38f4280b86c32ffe7c15) Importer(815301076,1909f56bfc062723c751e8b465ee728b)
Start importing Assets/Textures/UI/Won.png using Guid(623a7345ca6d38f4280b86c32ffe7c15) Importer(815301076,1909f56bfc062723c751e8b465ee728b)  -> (artifact id: '69db00a2a68cd1df76be23fb812211bb') in 0.033794 seconds
  Import took 0.036903 seconds .

========================================================================
Received Import Request.
  Time since last request: 0.000430 seconds.
  path: Assets/Textures/UI/Caught.png
  artifactKey: Guid(85d46c7add1129741a0d78fadba6998e) Importer(815301076,1909f56bfc062723c751e8b465ee728b)
Start importing Assets/Textures/UI/Caught.png using Guid(85d46c7add1129741a0d78fadba6998e) Importer(815301076,1909f56bfc062723c751e8b465ee728b)  -> (artifact id: '6d0929c7b6c36fb0a940fb053a47eebd') in 0.024231 seconds
  Import took 0.028220 seconds .

========================================================================
Received Import Request.
  Time since last request: 1073.364387 seconds.
  path: Assets/Scripts/GameEnding.cs
  artifactKey: Guid(07c0e02231d14534a9abd522826929fc) Importer(815301076,1909f56bfc062723c751e8b465ee728b)
Start importing Assets/Scripts/GameEnding.cs using Guid(07c0e02231d14534a9abd522826929fc) Importer(815301076,1909f56bfc062723c751e8b465ee728b)  -> (artifact id: '33ee3e5a0c3e16eab03e5895b2511e0f') in 0.024991 seconds
  Import took 0.030333 seconds .

========================================================================
Received Prepare
Registering precompiled user dll's ...
Registered in 0.002558 seconds.
Begin MonoManager ReloadAssembly
Native extension for WindowsStandalone target not found
Native extension for WebGL target not found
Refreshing native plugins compatible for Editor in 0.53 ms, found 0 plugins.
Preloading 0 native plugins for Editor in 0.00 ms.
Invoked RoslynAnalysisRunner static constructor.
RoslynAnalysisRunner will not be running.
RoslynAnalysisRunner has terminated.
Mono: successfully reloaded assembly
- Completed reload, in  0.772 seconds
Platform modules already initialized, skipping
Refreshing native plugins compatible for Editor in 0.44 ms, found 0 plugins.
Preloading 0 native plugins for Editor in 0.00 ms.
Unloading 1587 Unused Serialized files (Serialized files now loaded: 0)
System memory in use before: 150.1 MB.
System memory in use after: 150.2 MB.

Unloading 27 unused Assets to reduce memory usage. Loaded Objects now: 2068.
Total: 2.004300 ms (FindLiveObjects: 0.169900 ms CreateObjectMapping: 0.054300 ms MarkObjects: 1.701800 ms  DeleteObjects: 0.077100 ms)

========================================================================
Received Prepare
Registering precompiled user dll's ...
Registered in 0.002447 seconds.
Begin MonoManager ReloadAssembly
Native extension for WindowsStandalone target not found
Native extension for WebGL target not found
Refreshing native plugins compatible for Editor in 0.42 ms, found 0 plugins.
Preloading 0 native plugins for Editor in 0.00 ms.
Invoked RoslynAnalysisRunner static constructor.
RoslynAnalysisRunner will not be running.
RoslynAnalysisRunner has terminated.
Mono: successfully reloaded assembly
- Completed reload, in  0.717 seconds
Platform modules already initialized, skipping
Refreshing native plugins compatible for Editor in 0.52 ms, found 0 plugins.
Preloading 0 native plugins for Editor in 0.00 ms.
Unloading 1587 Unused Serialized files (Serialized files now loaded: 0)
System memory in use before: 150.1 MB.
System memory in use after: 150.2 MB.

Unloading 27 unused Assets to reduce memory usage. Loaded Objects now: 2071.
Total: 1.962300 ms (FindLiveObjects: 0.182300 ms CreateObjectMapping: 0.070300 ms MarkObjects: 1.642300 ms  DeleteObjects: 0.066000 ms)

========================================================================
Received Prepare
Registering precompiled user dll's ...
Registered in 0.004016 seconds.
Begin MonoManager ReloadAssembly
Native extension for WindowsStandalone target not found
Native extension for WebGL target not found
Refreshing native plugins compatible for Editor in 0.52 ms, found 0 plugins.
Preloading 0 native plugins for Editor in 0.00 ms.
Invoked RoslynAnalysisRunner static constructor.
RoslynAnalysisRunner will not be running.
RoslynAnalysisRunner has terminated.
Mono: successfully reloaded assembly
- Completed reload, in  0.901 seconds
Platform modules already initialized, skipping
Refreshing native plugins compatible for Editor in 0.46 ms, found 0 plugins.
Preloading 0 native plugins for Editor in 0.00 ms.
Unloading 1587 Unused Serialized files (Serialized files now loaded: 0)
System memory in use before: 150.1 MB.
System memory in use after: 150.2 MB.

Unloading 27 unused Assets to reduce memory usage. Loaded Objects now: 2074.
Total: 2.071300 ms (FindLiveObjects: 0.239800 ms CreateObjectMapping: 0.100300 ms MarkObjects: 1.663200 ms  DeleteObjects: 0.065500 ms)

========================================================================
Received Import Request.
  Time since last request: 1182.737283 seconds.
  path: Assets/Prefabs/Gargoyle.prefab
  artifactKey: Guid(750dfd29fdeaf27489dfe64ee095e4ab) Importer(815301076,1909f56bfc062723c751e8b465ee728b)
Start importing Assets/Prefabs/Gargoyle.prefab using Guid(750dfd29fdeaf27489dfe64ee095e4ab) Importer(815301076,1909f56bfc062723c751e8b465ee728b)  -> (artifact id: '09dc76ac81f5d255704e34c6da521cac') in 0.083805 seconds
  Import took 0.086644 seconds .

========================================================================
Received Import Request.
  Time since last request: 137.359440 seconds.
  path: Assets/Animation
  artifactKey: Guid(1f19bea6983d93d4083ef7ffa4b8bdfb) Importer(815301076,1909f56bfc062723c751e8b465ee728b)
Start importing Assets/Animation using Guid(1f19bea6983d93d4083ef7ffa4b8bdfb) Importer(815301076,1909f56bfc062723c751e8b465ee728b)  -> (artifact id: 'd2b4722dee5d6d793a9a37fd0fceafd3') in 0.013615 seconds
  Import took 0.018482 seconds .

========================================================================
Received Import Request.
  Time since last request: 48.813139 seconds.
  path: Assets/Animation/Animators/Gargoyle.controller
  artifactKey: Guid(94b306e4a6d4da14f9a7bd1aa6d776d6) Importer(815301076,1909f56bfc062723c751e8b465ee728b)
Start importing Assets/Animation/Animators/Gargoyle.controller using Guid(94b306e4a6d4da14f9a7bd1aa6d776d6) Importer(815301076,1909f56bfc062723c751e8b465ee728b)  -> (artifact id: 'a489bf54e64431959f7a4f063b928f69') in 0.006975 seconds
  Import took 0.012599 seconds .

========================================================================
Received Import Request.
  Time since last request: 822.624230 seconds.
  path: Assets/Scripts/Observer.cs
  artifactKey: Guid(d90b0d52482120c4db7d56a638f954b6) Importer(815301076,1909f56bfc062723c751e8b465ee728b)
Start importing Assets/Scripts/Observer.cs using Guid(d90b0d52482120c4db7d56a638f954b6) Importer(815301076,1909f56bfc062723c751e8b465ee728b)  -> (artifact id: '7704c8ca43fdcb18e91dfa85511699ef') in 0.006327 seconds
  Import took 0.009424 seconds .

========================================================================
Received Prepare
Registering precompiled user dll's ...
Registered in 0.002335 seconds.
Begin MonoManager ReloadAssembly
Native extension for WindowsStandalone target not found
Native extension for WebGL target not found
Refreshing native plugins compatible for Editor in 0.46 ms, found 0 plugins.
Preloading 0 native plugins for Editor in 0.00 ms.
Invoked RoslynAnalysisRunner static constructor.
RoslynAnalysisRunner will not be running.
RoslynAnalysisRunner has terminated.
Mono: successfully reloaded assembly
- Completed reload, in  0.686 seconds
Platform modules already initialized, skipping
Refreshing native plugins compatible for Editor in 0.45 ms, found 0 plugins.
Preloading 0 native plugins for Editor in 0.00 ms.
Unloading 1588 Unused Serialized files (Serialized files now loaded: 0)
System memory in use before: 150.3 MB.
System memory in use after: 150.4 MB.

Unloading 27 unused Assets to reduce memory usage. Loaded Objects now: 2082.
Total: 1.626100 ms (FindLiveObjects: 0.135000 ms CreateObjectMapping: 0.042900 ms MarkObjects: 1.389200 ms  DeleteObjects: 0.058100 ms)

========================================================================
Received Prepare
Registering precompiled user dll's ...
Registered in 0.002569 seconds.
Begin MonoManager ReloadAssembly
Native extension for WindowsStandalone target not found
Native extension for WebGL target not found
Refreshing native plugins compatible for Editor in 0.45 ms, found 0 plugins.
Preloading 0 native plugins for Editor in 0.00 ms.
Invoked RoslynAnalysisRunner static constructor.
RoslynAnalysisRunner will not be running.
RoslynAnalysisRunner has terminated.
Mono: successfully reloaded assembly
- Completed reload, in  0.719 seconds
Platform modules already initialized, skipping
Refreshing native plugins compatible for Editor in 0.43 ms, found 0 plugins.
Preloading 0 native plugins for Editor in 0.00 ms.
Unloading 1588 Unused Serialized files (Serialized files now loaded: 0)
System memory in use before: 150.3 MB.
System memory in use after: 150.4 MB.

Unloading 27 unused Assets to reduce memory usage. Loaded Objects now: 2085.
Total: 2.298000 ms (FindLiveObjects: 0.311200 ms CreateObjectMapping: 0.081300 ms MarkObjects: 1.830200 ms  DeleteObjects: 0.073300 ms)

========================================================================
Received Import Request.
  Time since last request: 96.819386 seconds.
  path: Assets/Scripts/Observer.cs
  artifactKey: Guid(d90b0d52482120c4db7d56a638f954b6) Importer(815301076,1909f56bfc062723c751e8b465ee728b)
Start importing Assets/Scripts/Observer.cs using Guid(d90b0d52482120c4db7d56a638f954b6) Importer(815301076,1909f56bfc062723c751e8b465ee728b)  -> (artifact id: '36c9399d2128accd4e15e84d781102b7') in 0.003884 seconds
  Import took 0.006319 seconds .

========================================================================
Received Import Request.
  Time since last request: 23.971329 seconds.
  path: Assets/Prefabs/Gargoyle.prefab
  artifactKey: Guid(750dfd29fdeaf27489dfe64ee095e4ab) Importer(815301076,1909f56bfc062723c751e8b465ee728b)
Start importing Assets/Prefabs/Gargoyle.prefab using Guid(750dfd29fdeaf27489dfe64ee095e4ab) Importer(815301076,1909f56bfc062723c751e8b465ee728b) The Animator Controller (Gargoyle) you have used is not valid. Animations will not play
UnityEngine.StackTraceUtility:ExtractStackTrace ()
UnityEditor.EditorUtility:Internal_InstantiateRemoveAllNonAnimationComponentsSingle (UnityEngine.Object,UnityEngine.Vector3,UnityEngine.Quaternion)
UnityEditor.EditorUtility:InstantiateRemoveAllNonAnimationComponents (UnityEngine.Object,UnityEngine.Vector3,UnityEngine.Quaternion)
UnityEditor.EditorUtility:InstantiateForAnimatorPreview (UnityEngine.Object)
UnityEditor.GameObjectInspector/PreviewData:UpdateGameObject (UnityEngine.Object)
UnityEditor.GameObjectInspector/PreviewData:.ctor (UnityEngine.Object)
UnityEditor.GameObjectInspector:GetPreviewData ()
UnityEditor.GameObjectInspector:RenderStaticPreview (string,UnityEngine.Object[],int,int)
UnityEditor.AssetPreviewUpdater:CreatePreviewForAsset (UnityEngine.Object,UnityEngine.Object[],string)

[C:\buildslave\unity\build\Modules/Animation/Director/AnimatorControllerPlayable.cpp line 332]

The Animator Controller (Gargoyle) you have used is not valid. Animations will not play
UnityEngine.StackTraceUtility:ExtractStackTrace ()
UnityEditor.EditorUtility:InitInstantiatedPreviewRecursive (UnityEngine.GameObject)
UnityEditor.EditorUtility:InstantiateForAnimatorPreview (UnityEngine.Object)
UnityEditor.GameObjectInspector/PreviewData:UpdateGameObject (UnityEngine.Object)
UnityEditor.GameObjectInspector/PreviewData:.ctor (UnityEngine.Object)
UnityEditor.GameObjectInspector:GetPreviewData ()
UnityEditor.GameObjectInspector:RenderStaticPreview (string,UnityEngine.Object[],int,int)
UnityEditor.AssetPreviewUpdater:CreatePreviewForAsset (UnityEngine.Object,UnityEngine.Object[],string)

[C:\buildslave\unity\build\Modules/Animation/Director/AnimatorControllerPlayable.cpp line 332]

 -> (artifact id: '7eaeeea8af5909f11003372a096bce41') in 0.065249 seconds
  Import took 0.068322 seconds .

========================================================================
Received Import Request.
  Time since last request: 3.643211 seconds.
  path: Assets/Scripts/GameEnding.cs
  artifactKey: Guid(07c0e02231d14534a9abd522826929fc) Importer(815301076,1909f56bfc062723c751e8b465ee728b)
Start importing Assets/Scripts/GameEnding.cs using Guid(07c0e02231d14534a9abd522826929fc) Importer(815301076,1909f56bfc062723c751e8b465ee728b)  -> (artifact id: 'c745c20aef3233094409135185fadbf8') in 0.006935 seconds
  Import took 0.010632 seconds .

========================================================================
Received Import Request.
  Time since last request: 165.822474 seconds.
  path: Assets/Scripts/GameEnding.cs
  artifactKey: Guid(07c0e02231d14534a9abd522826929fc) Importer(815301076,1909f56bfc062723c751e8b465ee728b)
Start importing Assets/Scripts/GameEnding.cs using Guid(07c0e02231d14534a9abd522826929fc) Importer(815301076,1909f56bfc062723c751e8b465ee728b)  -> (artifact id: 'b33616259d15636c182b96ac3f531d75') in 0.002162 seconds
  Import took 0.005592 seconds .

AssetImportWorkerClient::OnTransportError - code=2 error=End of file
