Using pre-set license
Built from '2020.3/staging' branch; Version is '2020.3.0f1 (c7b5465681fb) revision 13088070'; Using compiler version '192528614'; Build Type 'Release'
OS: 'Windows 10 Home; OS build 19043.1348; Version 2009; 64bit' Language: 'en' Physical Memory: 16209 MB
BatchMode: 1, IsHumanControllingUs: 0, StartBugReporterOnCrash: 0, Is64bit: 1, IsPro: 0

 COMMAND LINE ARGUMENTS:
C:\Program Files\Unity\Hub\Editor\2020.3.0f1\Editor\Unity.exe
-adb2
-batchMode
-noUpm
-name
AssetImportWorker0
-projectPath
C:/Users/chall/Documents/GitHub/3d-beginner/Crumpled Castles
-logFile
Logs/AssetImportWorker0.log
-srvPort
49751
Successfully changed project path to: C:/Users/chall/Documents/GitHub/3d-beginner/Crumpled Castles
C:/Users/chall/Documents/GitHub/3d-beginner/Crumpled Castles
Using Asset Import Pipeline V2.
Refreshing native plugins compatible for Editor in 31.90 ms, found 1 plugins.
Preloading 0 native plugins for Editor in 0.00 ms.
Initialize engine version: 2020.3.0f1 (c7b5465681fb)
[Subsystems] Discovering subsystems at path C:/Program Files/Unity/Hub/Editor/2020.3.0f1/Editor/Data/Resources/UnitySubsystems
[Subsystems] Discovering subsystems at path C:/Users/chall/Documents/GitHub/3d-beginner/Crumpled Castles/Assets
GfxDevice: creating device client; threaded=0
Direct3D:
    Version:  Direct3D 11.0 [level 11.1]
    Renderer: NVIDIA GeForce RTX 2060 SUPER (ID=0x1f06)
    Vendor:   
    VRAM:     8031 MB
    Driver:   30.0.14.7141
Initialize mono
Mono path[0] = 'C:/Program Files/Unity/Hub/Editor/2020.3.0f1/Editor/Data/Managed'
Mono path[1] = 'C:/Program Files/Unity/Hub/Editor/2020.3.0f1/Editor/Data/MonoBleedingEdge/lib/mono/unityjit'
Mono config path = 'C:/Program Files/Unity/Hub/Editor/2020.3.0f1/Editor/Data/MonoBleedingEdge/etc'
Using monoOptions --debugger-agent=transport=dt_socket,embedding=1,server=y,suspend=n,address=127.0.0.1:56320
Begin MonoManager ReloadAssembly
Registering precompiled unity dll's ...
Register platform support module: C:/Program Files/Unity/Hub/Editor/2020.3.0f1/Editor/Data/PlaybackEngines/WebGLSupport/UnityEditor.WebGL.Extensions.dll
Register platform support module: C:/Program Files/Unity/Hub/Editor/2020.3.0f1/Editor/Data/PlaybackEngines/WindowsStandaloneSupport/UnityEditor.WindowsStandalone.Extensions.dll
Registered in 0.001841 seconds.
Native extension for WindowsStandalone target not found
Native extension for WebGL target not found
Refreshing native plugins compatible for Editor in 29.42 ms, found 1 plugins.
Preloading 0 native plugins for Editor in 0.00 ms.
Invoked RoslynAnalysisRunner static constructor.
RoslynAnalysisRunner will not be running.
RoslynAnalysisRunner has terminated.
Mono: successfully reloaded assembly
- Completed reload, in  0.975 seconds
Platform modules already initialized, skipping
Registering precompiled user dll's ...
Registered in 0.000760 seconds.
Begin MonoManager ReloadAssembly
Native extension for WindowsStandalone target not found
Native extension for WebGL target not found
Refreshing native plugins compatible for Editor in 30.75 ms, found 1 plugins.
Preloading 0 native plugins for Editor in 0.00 ms.
Invoked RoslynAnalysisRunner static constructor.
RoslynAnalysisRunner will not be running.
RoslynAnalysisRunner has terminated.
Mono: successfully reloaded assembly
- Completed reload, in  0.884 seconds
Platform modules already initialized, skipping
========================================================================
Worker process is ready to serve import requests
Launched and connected shader compiler UnityShaderCompiler.exe after 0.04 seconds
Refreshing native plugins compatible for Editor in 0.34 ms, found 1 plugins.
Preloading 0 native plugins for Editor in 0.00 ms.
Unloading 1810 Unused Serialized files (Serialized files now loaded: 0)
System memory in use before: 84.7 MB.
System memory in use after: 84.6 MB.

Unloading 24 unused Assets to reduce memory usage. Loaded Objects now: 2253.
Total: 1.833000 ms (FindLiveObjects: 0.170000 ms CreateObjectMapping: 0.066200 ms MarkObjects: 1.485600 ms  DeleteObjects: 0.110500 ms)

========================================================================
Received Import Request.
  path: Assets/Scripts/MapManager.cs
  artifactKey: Guid(53c19163ef8a17b429d977cdc027bb66) Importer(815301076,1909f56bfc062723c751e8b465ee728b)
Start importing Assets/Scripts/MapManager.cs using Guid(53c19163ef8a17b429d977cdc027bb66) Importer(815301076,1909f56bfc062723c751e8b465ee728b)  -> (artifact id: 'd410fee2b33480cb5bdf6d1f32c6ec47') in 0.014047 seconds
  Import took 0.016953 seconds .

========================================================================
Received Import Request.
  Time since last request: 1030.464501 seconds.
  path: Assets/Scripts/Dice.cs
  artifactKey: Guid(01d8d9486ce336d4fbc7dd9b60f17c72) Importer(815301076,1909f56bfc062723c751e8b465ee728b)
Start importing Assets/Scripts/Dice.cs using Guid(01d8d9486ce336d4fbc7dd9b60f17c72) Importer(815301076,1909f56bfc062723c751e8b465ee728b)  -> (artifact id: 'd8b37b0e82076cbf891f3dc6002aa0b8') in 0.008998 seconds
  Import took 0.012985 seconds .

========================================================================
Received Prepare
Registering precompiled user dll's ...
Registered in 0.000835 seconds.
Begin MonoManager ReloadAssembly
Native extension for WindowsStandalone target not found
Native extension for WebGL target not found
Refreshing native plugins compatible for Editor in 0.32 ms, found 1 plugins.
Preloading 0 native plugins for Editor in 0.00 ms.
Invoked RoslynAnalysisRunner static constructor.
RoslynAnalysisRunner will not be running.
RoslynAnalysisRunner has terminated.
Mono: successfully reloaded assembly
- Completed reload, in  0.722 seconds
Platform modules already initialized, skipping
Refreshing native plugins compatible for Editor in 0.30 ms, found 1 plugins.
Preloading 0 native plugins for Editor in 0.00 ms.
Unloading 1805 Unused Serialized files (Serialized files now loaded: 0)
System memory in use before: 84.6 MB.
System memory in use after: 84.6 MB.

Unloading 12 unused Assets to reduce memory usage. Loaded Objects now: 2257.
Total: 1.740600 ms (FindLiveObjects: 0.156900 ms CreateObjectMapping: 0.055800 ms MarkObjects: 1.437200 ms  DeleteObjects: 0.090000 ms)

========================================================================
Received Import Request.
  Time since last request: 654.146415 seconds.
  path: Assets/Scripts/Game Controller.cs
  artifactKey: Guid(952ea3416efaa9341aa7041411174697) Importer(815301076,1909f56bfc062723c751e8b465ee728b)
Start importing Assets/Scripts/Game Controller.cs using Guid(952ea3416efaa9341aa7041411174697) Importer(815301076,1909f56bfc062723c751e8b465ee728b)  -> (artifact id: '80d9ca7026b2f4021d32b25dd45273ae') in 0.009963 seconds
  Import took 0.012848 seconds .

========================================================================
Received Import Request.
  Time since last request: 1093.571275 seconds.
  path: Assets/Scripts/Game Controller.cs
  artifactKey: Guid(952ea3416efaa9341aa7041411174697) Importer(815301076,1909f56bfc062723c751e8b465ee728b)
Start importing Assets/Scripts/Game Controller.cs using Guid(952ea3416efaa9341aa7041411174697) Importer(815301076,1909f56bfc062723c751e8b465ee728b)  -> (artifact id: '571f2473f74aa89b2184f202e6b587f3') in 0.007089 seconds
  Import took 0.013824 seconds .

========================================================================
Received Import Request.
  Time since last request: 3.727246 seconds.
  path: Assets/Scripts/GameController.cs
  artifactKey: Guid(952ea3416efaa9341aa7041411174697) Importer(815301076,1909f56bfc062723c751e8b465ee728b)
Start importing Assets/Scripts/GameController.cs using Guid(952ea3416efaa9341aa7041411174697) Importer(815301076,1909f56bfc062723c751e8b465ee728b)  -> (artifact id: '22aedb7a7fbaeaaf0190a6797d6525a4') in 0.008424 seconds
  Import took 0.011138 seconds .

========================================================================
Received Import Request.
  Time since last request: 12.673209 seconds.
  path: Assets/Scripts/Game Controller.cs
  artifactKey: Guid(664a42c7f7f1e38439c4de803f24a7dd) Importer(815301076,1909f56bfc062723c751e8b465ee728b)
Start importing Assets/Scripts/Game Controller.cs using Guid(664a42c7f7f1e38439c4de803f24a7dd) Importer(815301076,1909f56bfc062723c751e8b465ee728b)  -> (artifact id: 'f24c1dc334113930c026a87b8d45178d') in 0.003497 seconds
  Import took 0.006758 seconds .

========================================================================
Received Import Request.
  Time since last request: 119.729009 seconds.
  path: Assets/NewBehaviourScript.cs
  artifactKey: Guid(754c442481c8b39428bbe5df621b014a) Importer(815301076,1909f56bfc062723c751e8b465ee728b)
Start importing Assets/NewBehaviourScript.cs using Guid(754c442481c8b39428bbe5df621b014a) Importer(815301076,1909f56bfc062723c751e8b465ee728b)  -> (artifact id: '21b695ded5dc3c3caf1554a65f233a07') in 0.009470 seconds
  Import took 0.012707 seconds .

========================================================================
Received Import Request.
  Time since last request: 51.946913 seconds.
  path: Assets/Scripts/MapManager.cs
  artifactKey: Guid(53c19163ef8a17b429d977cdc027bb66) Importer(815301076,1909f56bfc062723c751e8b465ee728b)
Start importing Assets/Scripts/MapManager.cs using Guid(53c19163ef8a17b429d977cdc027bb66) Importer(815301076,1909f56bfc062723c751e8b465ee728b)  -> (artifact id: '2707d5433224d3ccbb13b60115dcc93b') in 0.004419 seconds
  Import took 0.008030 seconds .

========================================================================
Received Import Request.
  Time since last request: 0.000822 seconds.
  path: Assets/Scripts/MapManager.cs
  artifactKey: Guid(53c19163ef8a17b429d977cdc027bb66) Importer(815301076,1909f56bfc062723c751e8b465ee728b)
Start importing Assets/Scripts/MapManager.cs using Guid(53c19163ef8a17b429d977cdc027bb66) Importer(815301076,1909f56bfc062723c751e8b465ee728b)  -> (artifact id: '2707d5433224d3ccbb13b60115dcc93b') in 0.003733 seconds
  Import took 0.007013 seconds .

========================================================================
Received Prepare
Registering precompiled user dll's ...
Registered in 0.001357 seconds.
Begin MonoManager ReloadAssembly
Native extension for WindowsStandalone target not found
Native extension for WebGL target not found
Refreshing native plugins compatible for Editor in 0.30 ms, found 1 plugins.
Preloading 0 native plugins for Editor in 0.00 ms.
Invoked RoslynAnalysisRunner static constructor.
RoslynAnalysisRunner will not be running.
RoslynAnalysisRunner has terminated.
Mono: successfully reloaded assembly
- Completed reload, in  0.687 seconds
Platform modules already initialized, skipping
Refreshing native plugins compatible for Editor in 0.30 ms, found 1 plugins.
Preloading 0 native plugins for Editor in 0.00 ms.
Unloading 1807 Unused Serialized files (Serialized files now loaded: 0)
System memory in use before: 84.7 MB.
System memory in use after: 84.7 MB.

Unloading 12 unused Assets to reduce memory usage. Loaded Objects now: 2263.
Total: 1.670800 ms (FindLiveObjects: 0.150700 ms CreateObjectMapping: 0.053600 ms MarkObjects: 1.378000 ms  DeleteObjects: 0.087900 ms)

========================================================================
Received Import Request.
  Time since last request: 47.205299 seconds.
  path: Assets/Scripts/NewBehaviourScript.cs
  artifactKey: Guid(754c442481c8b39428bbe5df621b014a) Importer(815301076,1909f56bfc062723c751e8b465ee728b)
Start importing Assets/Scripts/NewBehaviourScript.cs using Guid(754c442481c8b39428bbe5df621b014a) Importer(815301076,1909f56bfc062723c751e8b465ee728b)  -> (artifact id: '4cb3f3ac84a7829c5d14eef7f1ed69f5') in 0.005634 seconds
  Import took 0.009388 seconds .

========================================================================
Received Prepare
Registering precompiled user dll's ...
Registered in 0.000843 seconds.
Begin MonoManager ReloadAssembly
Native extension for WindowsStandalone target not found
Native extension for WebGL target not found
Refreshing native plugins compatible for Editor in 0.30 ms, found 1 plugins.
Preloading 0 native plugins for Editor in 0.00 ms.
Invoked RoslynAnalysisRunner static constructor.
RoslynAnalysisRunner will not be running.
RoslynAnalysisRunner has terminated.
Mono: successfully reloaded assembly
- Completed reload, in  0.666 seconds
Platform modules already initialized, skipping
Refreshing native plugins compatible for Editor in 0.29 ms, found 1 plugins.
Preloading 0 native plugins for Editor in 0.00 ms.
Unloading 1806 Unused Serialized files (Serialized files now loaded: 0)
System memory in use before: 84.7 MB.
System memory in use after: 84.7 MB.

Unloading 13 unused Assets to reduce memory usage. Loaded Objects now: 2266.
Total: 1.766200 ms (FindLiveObjects: 0.152900 ms CreateObjectMapping: 0.059400 ms MarkObjects: 1.448600 ms  DeleteObjects: 0.104400 ms)

========================================================================
Received Prepare
Registering precompiled user dll's ...
Registered in 0.000868 seconds.
Begin MonoManager ReloadAssembly
Native extension for WindowsStandalone target not found
Native extension for WebGL target not found
Refreshing native plugins compatible for Editor in 0.30 ms, found 1 plugins.
Preloading 0 native plugins for Editor in 0.00 ms.
Invoked RoslynAnalysisRunner static constructor.
RoslynAnalysisRunner will not be running.
RoslynAnalysisRunner has terminated.
Mono: successfully reloaded assembly
- Completed reload, in  0.692 seconds
Platform modules already initialized, skipping
Refreshing native plugins compatible for Editor in 0.29 ms, found 1 plugins.
Preloading 0 native plugins for Editor in 0.00 ms.
Unloading 1806 Unused Serialized files (Serialized files now loaded: 0)
System memory in use before: 84.7 MB.
System memory in use after: 84.7 MB.

Unloading 12 unused Assets to reduce memory usage. Loaded Objects now: 2270.
Total: 1.710500 ms (FindLiveObjects: 0.154900 ms CreateObjectMapping: 0.053200 ms MarkObjects: 1.390600 ms  DeleteObjects: 0.111100 ms)

========================================================================
Received Import Request.
  Time since last request: 491.498041 seconds.
  path: Assets/Scripts/GameScript.cs
  artifactKey: Guid(754c442481c8b39428bbe5df621b014a) Importer(815301076,1909f56bfc062723c751e8b465ee728b)
Start importing Assets/Scripts/GameScript.cs using Guid(754c442481c8b39428bbe5df621b014a) Importer(815301076,1909f56bfc062723c751e8b465ee728b)  -> (artifact id: 'f52558dbdc10077270843b84b12128fd') in 0.011971 seconds
  Import took 0.015437 seconds .

========================================================================
Received Prepare
Registering precompiled user dll's ...
Registered in 0.000794 seconds.
Begin MonoManager ReloadAssembly
Native extension for WindowsStandalone target not found
Native extension for WebGL target not found
Refreshing native plugins compatible for Editor in 0.29 ms, found 1 plugins.
Preloading 0 native plugins for Editor in 0.00 ms.
Invoked RoslynAnalysisRunner static constructor.
RoslynAnalysisRunner will not be running.
RoslynAnalysisRunner has terminated.
Mono: successfully reloaded assembly
- Completed reload, in  0.687 seconds
Platform modules already initialized, skipping
Refreshing native plugins compatible for Editor in 0.35 ms, found 1 plugins.
Preloading 0 native plugins for Editor in 0.00 ms.
Unloading 1806 Unused Serialized files (Serialized files now loaded: 0)
System memory in use before: 84.7 MB.
System memory in use after: 84.7 MB.

Unloading 12 unused Assets to reduce memory usage. Loaded Objects now: 2274.
Total: 1.796300 ms (FindLiveObjects: 0.153200 ms CreateObjectMapping: 0.057000 ms MarkObjects: 1.483300 ms  DeleteObjects: 0.101800 ms)

========================================================================
Received Prepare
Registering precompiled user dll's ...
Registered in 0.000833 seconds.
Begin MonoManager ReloadAssembly
Native extension for WindowsStandalone target not found
Native extension for WebGL target not found
Refreshing native plugins compatible for Editor in 0.30 ms, found 1 plugins.
Preloading 0 native plugins for Editor in 0.00 ms.
Invoked RoslynAnalysisRunner static constructor.
RoslynAnalysisRunner will not be running.
RoslynAnalysisRunner has terminated.
Mono: successfully reloaded assembly
- Completed reload, in  0.788 seconds
Platform modules already initialized, skipping
Refreshing native plugins compatible for Editor in 0.35 ms, found 1 plugins.
Preloading 0 native plugins for Editor in 0.00 ms.
Unloading 1806 Unused Serialized files (Serialized files now loaded: 0)
System memory in use before: 84.8 MB.
System memory in use after: 84.7 MB.

Unloading 12 unused Assets to reduce memory usage. Loaded Objects now: 2278.
Total: 1.762900 ms (FindLiveObjects: 0.148700 ms CreateObjectMapping: 0.054200 ms MarkObjects: 1.468100 ms  DeleteObjects: 0.091200 ms)

========================================================================
Received Prepare
Registering precompiled user dll's ...
Registered in 0.000905 seconds.
Begin MonoManager ReloadAssembly
Native extension for WindowsStandalone target not found
Native extension for WebGL target not found
Refreshing native plugins compatible for Editor in 0.30 ms, found 1 plugins.
Preloading 0 native plugins for Editor in 0.00 ms.
Invoked RoslynAnalysisRunner static constructor.
RoslynAnalysisRunner will not be running.
RoslynAnalysisRunner has terminated.
Mono: successfully reloaded assembly
- Completed reload, in  0.685 seconds
Platform modules already initialized, skipping
Refreshing native plugins compatible for Editor in 0.29 ms, found 1 plugins.
Preloading 0 native plugins for Editor in 0.00 ms.
Unloading 1806 Unused Serialized files (Serialized files now loaded: 0)
System memory in use before: 84.8 MB.
System memory in use after: 84.8 MB.

Unloading 12 unused Assets to reduce memory usage. Loaded Objects now: 2282.
Total: 1.864400 ms (FindLiveObjects: 0.153400 ms CreateObjectMapping: 0.052200 ms MarkObjects: 1.547700 ms  DeleteObjects: 0.110000 ms)

========================================================================
Received Prepare
Registering precompiled user dll's ...
Registered in 0.000914 seconds.
Begin MonoManager ReloadAssembly
Native extension for WindowsStandalone target not found
Native extension for WebGL target not found
Refreshing native plugins compatible for Editor in 0.34 ms, found 1 plugins.
Preloading 0 native plugins for Editor in 0.00 ms.
Invoked RoslynAnalysisRunner static constructor.
RoslynAnalysisRunner will not be running.
RoslynAnalysisRunner has terminated.
Mono: successfully reloaded assembly
- Completed reload, in  0.734 seconds
Platform modules already initialized, skipping
Refreshing native plugins compatible for Editor in 0.32 ms, found 1 plugins.
Preloading 0 native plugins for Editor in 0.00 ms.
Unloading 1806 Unused Serialized files (Serialized files now loaded: 0)
System memory in use before: 84.8 MB.
System memory in use after: 84.8 MB.

Unloading 12 unused Assets to reduce memory usage. Loaded Objects now: 2286.
Total: 1.823700 ms (FindLiveObjects: 0.155300 ms CreateObjectMapping: 0.058100 ms MarkObjects: 1.499100 ms  DeleteObjects: 0.110500 ms)

========================================================================
Received Import Request.
  Time since last request: 113641.844067 seconds.
  path: Assets/Scenes
  artifactKey: Guid(7f6e98af6c2b1174ea9871267ac35e85) Importer(815301076,1909f56bfc062723c751e8b465ee728b)
Start importing Assets/Scenes using Guid(7f6e98af6c2b1174ea9871267ac35e85) Importer(815301076,1909f56bfc062723c751e8b465ee728b)  -> (artifact id: 'd2342994bb50d2a1e8eb96a1d10d5190') in 0.058168 seconds
  Import took 0.138621 seconds .

========================================================================
Received Prepare
Registering precompiled user dll's ...
Registered in 0.031570 seconds.
Begin MonoManager ReloadAssembly
Native extension for WindowsStandalone target not found
Native extension for WebGL target not found
Refreshing native plugins compatible for Editor in 0.36 ms, found 1 plugins.
Preloading 0 native plugins for Editor in 0.00 ms.
Invoked RoslynAnalysisRunner static constructor.
RoslynAnalysisRunner will not be running.
RoslynAnalysisRunner has terminated.
Mono: successfully reloaded assembly
- Completed reload, in  0.759 seconds
Platform modules already initialized, skipping
Refreshing native plugins compatible for Editor in 0.30 ms, found 1 plugins.
Preloading 0 native plugins for Editor in 0.00 ms.
Unloading 1806 Unused Serialized files (Serialized files now loaded: 0)
System memory in use before: 84.8 MB.
System memory in use after: 84.8 MB.

Unloading 12 unused Assets to reduce memory usage. Loaded Objects now: 2290.
Total: 2.062700 ms (FindLiveObjects: 0.163700 ms CreateObjectMapping: 0.057000 ms MarkObjects: 1.723300 ms  DeleteObjects: 0.117900 ms)

========================================================================
Received Import Request.
  Time since last request: 85.312274 seconds.
  path: Assets/Scripts/Unit.cs
  artifactKey: Guid(35915ebcad383b941b08b8c2f8f8476a) Importer(815301076,1909f56bfc062723c751e8b465ee728b)
Start importing Assets/Scripts/Unit.cs using Guid(35915ebcad383b941b08b8c2f8f8476a) Importer(815301076,1909f56bfc062723c751e8b465ee728b)  -> (artifact id: '9630e0246c0312c775e7c4980bf00ea4') in 0.011756 seconds
  Import took 0.015035 seconds .

========================================================================
Received Prepare
Registering precompiled user dll's ...
Registered in 0.000864 seconds.
Begin MonoManager ReloadAssembly
Native extension for WindowsStandalone target not found
Native extension for WebGL target not found
Refreshing native plugins compatible for Editor in 0.32 ms, found 1 plugins.
Preloading 0 native plugins for Editor in 0.00 ms.
Invoked RoslynAnalysisRunner static constructor.
RoslynAnalysisRunner will not be running.
RoslynAnalysisRunner has terminated.
Mono: successfully reloaded assembly
- Completed reload, in  0.680 seconds
Platform modules already initialized, skipping
Refreshing native plugins compatible for Editor in 0.30 ms, found 1 plugins.
Preloading 0 native plugins for Editor in 0.00 ms.
Unloading 1809 Unused Serialized files (Serialized files now loaded: 0)
System memory in use before: 84.9 MB.
System memory in use after: 84.9 MB.

Unloading 12 unused Assets to reduce memory usage. Loaded Objects now: 2297.
Total: 1.794800 ms (FindLiveObjects: 0.140200 ms CreateObjectMapping: 0.060400 ms MarkObjects: 1.504300 ms  DeleteObjects: 0.089100 ms)

========================================================================
Received Import Request.
  Time since last request: 246.519249 seconds.
  path: Assets/Sprites/download.jpg
  artifactKey: Guid(f4eb4c9d920a89049a57d7bb1af4f87c) Importer(815301076,1909f56bfc062723c751e8b465ee728b)
Start importing Assets/Sprites/download.jpg using Guid(f4eb4c9d920a89049a57d7bb1af4f87c) Importer(815301076,1909f56bfc062723c751e8b465ee728b)  -> (artifact id: 'b84cd1500faf14c18140e76f9e46f771') in 0.087054 seconds
  Import took 0.090894 seconds .

========================================================================
Received Import Request.
  Time since last request: 155.846139 seconds.
  path: Assets/CCCB.prefab
  artifactKey: Guid(b62fd01efec2b4b46b0db874c5b250c3) Importer(815301076,1909f56bfc062723c751e8b465ee728b)
Start importing Assets/CCCB.prefab using Guid(b62fd01efec2b4b46b0db874c5b250c3) Importer(815301076,1909f56bfc062723c751e8b465ee728b)  -> (artifact id: '7c9dc7c279238437f5e48c99f382fe4d') in 0.043322 seconds
  Import took 0.046739 seconds .

========================================================================
Received Import Request.
  Time since last request: 0.004795 seconds.
  path: Assets/CCCB.prefab
  artifactKey: Guid(b62fd01efec2b4b46b0db874c5b250c3) Importer(815301076,1909f56bfc062723c751e8b465ee728b)
Start importing Assets/CCCB.prefab using Guid(b62fd01efec2b4b46b0db874c5b250c3) Importer(815301076,1909f56bfc062723c751e8b465ee728b)  -> (artifact id: '7c9dc7c279238437f5e48c99f382fe4d') in 0.009432 seconds
  Import took 0.012320 seconds .

========================================================================
Received Import Request.
  Time since last request: 23.261447 seconds.
  path: Assets/Player.prefab
  artifactKey: Guid(b62fd01efec2b4b46b0db874c5b250c3) Importer(815301076,1909f56bfc062723c751e8b465ee728b)
Start importing Assets/Player.prefab using Guid(b62fd01efec2b4b46b0db874c5b250c3) Importer(815301076,1909f56bfc062723c751e8b465ee728b)  -> (artifact id: '1b5929001b41345f3f0ad1f5601a79f6') in 0.014587 seconds
  Import took 0.017262 seconds .

========================================================================
Received Import Request.
  Time since last request: 0.000470 seconds.
  path: Assets/Player.prefab
  artifactKey: Guid(b62fd01efec2b4b46b0db874c5b250c3) Importer(815301076,1909f56bfc062723c751e8b465ee728b)
Start importing Assets/Player.prefab using Guid(b62fd01efec2b4b46b0db874c5b250c3) Importer(815301076,1909f56bfc062723c751e8b465ee728b)  -> (artifact id: '1b5929001b41345f3f0ad1f5601a79f6') in 0.009990 seconds
  Import took 0.013024 seconds .

========================================================================
Received Import Request.
  Time since last request: 187.908121 seconds.
  path: Assets/Player.prefab
  artifactKey: Guid(b62fd01efec2b4b46b0db874c5b250c3) Importer(815301076,1909f56bfc062723c751e8b465ee728b)
Start importing Assets/Player.prefab using Guid(b62fd01efec2b4b46b0db874c5b250c3) Importer(815301076,1909f56bfc062723c751e8b465ee728b)  -> (artifact id: '68cc5482a280da3cc2b7cc58cccba877') in 0.013983 seconds
  Import took 0.016800 seconds .

========================================================================
Received Prepare
Registering precompiled user dll's ...
Registered in 0.000771 seconds.
Begin MonoManager ReloadAssembly
Native extension for WindowsStandalone target not found
Native extension for WebGL target not found
Refreshing native plugins compatible for Editor in 0.31 ms, found 1 plugins.
Preloading 0 native plugins for Editor in 0.00 ms.
Invoked RoslynAnalysisRunner static constructor.
RoslynAnalysisRunner will not be running.
RoslynAnalysisRunner has terminated.
Mono: successfully reloaded assembly
- Completed reload, in  0.669 seconds
Platform modules already initialized, skipping
Refreshing native plugins compatible for Editor in 0.30 ms, found 1 plugins.
Preloading 0 native plugins for Editor in 0.00 ms.
Unloading 1809 Unused Serialized files (Serialized files now loaded: 0)
System memory in use before: 88.0 MB.
System memory in use after: 88.0 MB.

Unloading 12 unused Assets to reduce memory usage. Loaded Objects now: 2311.
Total: 1.819800 ms (FindLiveObjects: 0.155800 ms CreateObjectMapping: 0.051400 ms MarkObjects: 1.520900 ms  DeleteObjects: 0.090900 ms)

========================================================================
Received Import Request.
  Time since last request: 398.703686 seconds.
  path: Assets/Player.prefab
  artifactKey: Guid(b62fd01efec2b4b46b0db874c5b250c3) Importer(815301076,1909f56bfc062723c751e8b465ee728b)
Start importing Assets/Player.prefab using Guid(b62fd01efec2b4b46b0db874c5b250c3) Importer(815301076,1909f56bfc062723c751e8b465ee728b)  -> (artifact id: '93df18ff28f02d11726953ee602a8034') in 0.049567 seconds
  Import took 0.053180 seconds .

========================================================================
Received Import Request.
  Time since last request: 2.171218 seconds.
  path: Assets/Player.prefab
  artifactKey: Guid(b62fd01efec2b4b46b0db874c5b250c3) Importer(815301076,1909f56bfc062723c751e8b465ee728b)
Start importing Assets/Player.prefab using Guid(b62fd01efec2b4b46b0db874c5b250c3) Importer(815301076,1909f56bfc062723c751e8b465ee728b)  -> (artifact id: '81f5f22298ebf734843141f33a01e68c') in 0.008074 seconds
  Import took 0.011018 seconds .

========================================================================
Received Prepare
Registering precompiled user dll's ...
Registered in 0.000816 seconds.
Begin MonoManager ReloadAssembly
Native extension for WindowsStandalone target not found
Native extension for WebGL target not found
Refreshing native plugins compatible for Editor in 0.34 ms, found 1 plugins.
Preloading 0 native plugins for Editor in 0.00 ms.
Invoked RoslynAnalysisRunner static constructor.
RoslynAnalysisRunner will not be running.
RoslynAnalysisRunner has terminated.
Mono: successfully reloaded assembly
- Completed reload, in  0.682 seconds
Platform modules already initialized, skipping
Refreshing native plugins compatible for Editor in 0.30 ms, found 1 plugins.
Preloading 0 native plugins for Editor in 0.00 ms.
Unloading 1809 Unused Serialized files (Serialized files now loaded: 0)
System memory in use before: 88.0 MB.
System memory in use after: 88.0 MB.

Unloading 12 unused Assets to reduce memory usage. Loaded Objects now: 2316.
Total: 1.693400 ms (FindLiveObjects: 0.150100 ms CreateObjectMapping: 0.054100 ms MarkObjects: 1.400200 ms  DeleteObjects: 0.088100 ms)

========================================================================
Received Prepare
Registering precompiled user dll's ...
Registered in 0.000803 seconds.
Begin MonoManager ReloadAssembly
Native extension for WindowsStandalone target not found
Native extension for WebGL target not found
Refreshing native plugins compatible for Editor in 0.32 ms, found 1 plugins.
Preloading 0 native plugins for Editor in 0.00 ms.
Invoked RoslynAnalysisRunner static constructor.
RoslynAnalysisRunner will not be running.
RoslynAnalysisRunner has terminated.
Mono: successfully reloaded assembly
- Completed reload, in  0.685 seconds
Platform modules already initialized, skipping
Refreshing native plugins compatible for Editor in 0.31 ms, found 1 plugins.
Preloading 0 native plugins for Editor in 0.00 ms.
Unloading 1809 Unused Serialized files (Serialized files now loaded: 0)
System memory in use before: 88.0 MB.
System memory in use after: 88.0 MB.

Unloading 12 unused Assets to reduce memory usage. Loaded Objects now: 2320.
Total: 1.657200 ms (FindLiveObjects: 0.166800 ms CreateObjectMapping: 0.063600 ms MarkObjects: 1.336600 ms  DeleteObjects: 0.089700 ms)

========================================================================
Received Prepare
Registering precompiled user dll's ...
Registered in 0.000766 seconds.
Begin MonoManager ReloadAssembly
Native extension for WindowsStandalone target not found
Native extension for WebGL target not found
Refreshing native plugins compatible for Editor in 0.37 ms, found 1 plugins.
Preloading 0 native plugins for Editor in 0.00 ms.
Invoked RoslynAnalysisRunner static constructor.
RoslynAnalysisRunner will not be running.
RoslynAnalysisRunner has terminated.
Mono: successfully reloaded assembly
- Completed reload, in  0.680 seconds
Platform modules already initialized, skipping
Refreshing native plugins compatible for Editor in 0.31 ms, found 1 plugins.
Preloading 0 native plugins for Editor in 0.00 ms.
Unloading 1809 Unused Serialized files (Serialized files now loaded: 0)
System memory in use before: 88.0 MB.
System memory in use after: 88.0 MB.

Unloading 12 unused Assets to reduce memory usage. Loaded Objects now: 2324.
Total: 1.808800 ms (FindLiveObjects: 0.150100 ms CreateObjectMapping: 0.051800 ms MarkObjects: 1.507900 ms  DeleteObjects: 0.098100 ms)

========================================================================
Received Prepare
Registering precompiled user dll's ...
Registered in 0.000884 seconds.
Begin MonoManager ReloadAssembly
Native extension for WindowsStandalone target not found
Native extension for WebGL target not found
Refreshing native plugins compatible for Editor in 0.33 ms, found 1 plugins.
Preloading 0 native plugins for Editor in 0.00 ms.
Invoked RoslynAnalysisRunner static constructor.
RoslynAnalysisRunner will not be running.
RoslynAnalysisRunner has terminated.
Mono: successfully reloaded assembly
- Completed reload, in  0.717 seconds
Platform modules already initialized, skipping
Refreshing native plugins compatible for Editor in 0.30 ms, found 1 plugins.
Preloading 0 native plugins for Editor in 0.00 ms.
Unloading 1809 Unused Serialized files (Serialized files now loaded: 0)
System memory in use before: 88.0 MB.
System memory in use after: 88.0 MB.

Unloading 12 unused Assets to reduce memory usage. Loaded Objects now: 2328.
Total: 1.736200 ms (FindLiveObjects: 0.154700 ms CreateObjectMapping: 0.071500 ms MarkObjects: 1.423700 ms  DeleteObjects: 0.085700 ms)

========================================================================
Received Import Request.
  Time since last request: 200.091434 seconds.
  path: Assets/Sprites/Slime.png
  artifactKey: Guid(77507796835642741aa0b99b52978f4a) Importer(815301076,1909f56bfc062723c751e8b465ee728b)
Start importing Assets/Sprites/Slime.png using Guid(77507796835642741aa0b99b52978f4a) Importer(815301076,1909f56bfc062723c751e8b465ee728b)  -> (artifact id: '431de300b92b604c25aeded81ad4cf22') in 0.047213 seconds
  Import took 0.049939 seconds .

========================================================================
Received Import Request.
  Time since last request: 0.003995 seconds.
  path: Assets/Sprites/Slime.png
  artifactKey: Guid(77507796835642741aa0b99b52978f4a) Importer(815301076,1909f56bfc062723c751e8b465ee728b)
Start importing Assets/Sprites/Slime.png using Guid(77507796835642741aa0b99b52978f4a) Importer(815301076,1909f56bfc062723c751e8b465ee728b)  -> (artifact id: '431de300b92b604c25aeded81ad4cf22') in 0.009697 seconds
  Import took 0.012399 seconds .

========================================================================
Received Import Request.
  Time since last request: 58.448761 seconds.
  path: Assets/Slime.prefab
  artifactKey: Guid(b860779e12d2d0044b821cc7c3460e95) Importer(815301076,1909f56bfc062723c751e8b465ee728b)
Start importing Assets/Slime.prefab using Guid(b860779e12d2d0044b821cc7c3460e95) Importer(815301076,1909f56bfc062723c751e8b465ee728b)  -> (artifact id: '58ac979b96a59760b2e486c2a399ab2c') in 0.028395 seconds
  Import took 0.031022 seconds .

========================================================================
Received Import Request.
  Time since last request: 0.008291 seconds.
  path: Assets/Slime.prefab
  artifactKey: Guid(b860779e12d2d0044b821cc7c3460e95) Importer(815301076,1909f56bfc062723c751e8b465ee728b)
Start importing Assets/Slime.prefab using Guid(b860779e12d2d0044b821cc7c3460e95) Importer(815301076,1909f56bfc062723c751e8b465ee728b)  -> (artifact id: '58ac979b96a59760b2e486c2a399ab2c') in 0.005880 seconds
  Import took 0.008478 seconds .

========================================================================
Received Import Request.
  Time since last request: 18.638959 seconds.
  path: Assets/Enemy.prefab
  artifactKey: Guid(b860779e12d2d0044b821cc7c3460e95) Importer(815301076,1909f56bfc062723c751e8b465ee728b)
Start importing Assets/Enemy.prefab using Guid(b860779e12d2d0044b821cc7c3460e95) Importer(815301076,1909f56bfc062723c751e8b465ee728b)  -> (artifact id: '77cf5da53c24e2b0b9658008fd454d59') in 0.010203 seconds
  Import took 0.013382 seconds .

========================================================================
Received Import Request.
  Time since last request: 0.002117 seconds.
  path: Assets/Enemy.prefab
  artifactKey: Guid(b860779e12d2d0044b821cc7c3460e95) Importer(815301076,1909f56bfc062723c751e8b465ee728b)
Start importing Assets/Enemy.prefab using Guid(b860779e12d2d0044b821cc7c3460e95) Importer(815301076,1909f56bfc062723c751e8b465ee728b)  -> (artifact id: '77cf5da53c24e2b0b9658008fd454d59') in 0.009321 seconds
  Import took 0.012179 seconds .

========================================================================
Received Import Request.
  Time since last request: 76.810942 seconds.
  path: Assets/Enemy.prefab
  artifactKey: Guid(b860779e12d2d0044b821cc7c3460e95) Importer(815301076,1909f56bfc062723c751e8b465ee728b)
Start importing Assets/Enemy.prefab using Guid(b860779e12d2d0044b821cc7c3460e95) Importer(815301076,1909f56bfc062723c751e8b465ee728b)  -> (artifact id: '07f55a49bd49257e30f06fcfa406d650') in 0.009510 seconds
  Import took 0.013607 seconds .

========================================================================
Received Prepare
Registering precompiled user dll's ...
Registered in 0.000868 seconds.
Begin MonoManager ReloadAssembly
Native extension for WindowsStandalone target not found
Native extension for WebGL target not found
Refreshing native plugins compatible for Editor in 0.31 ms, found 1 plugins.
Preloading 0 native plugins for Editor in 0.00 ms.
Invoked RoslynAnalysisRunner static constructor.
RoslynAnalysisRunner will not be running.
RoslynAnalysisRunner has terminated.
Mono: successfully reloaded assembly
- Completed reload, in  0.692 seconds
Platform modules already initialized, skipping
Refreshing native plugins compatible for Editor in 0.30 ms, found 1 plugins.
Preloading 0 native plugins for Editor in 0.00 ms.
Unloading 1809 Unused Serialized files (Serialized files now loaded: 0)
System memory in use before: 88.1 MB.
System memory in use after: 88.1 MB.

Unloading 12 unused Assets to reduce memory usage. Loaded Objects now: 2335.
Total: 1.732400 ms (FindLiveObjects: 0.145300 ms CreateObjectMapping: 0.049800 ms MarkObjects: 1.446300 ms  DeleteObjects: 0.090400 ms)

========================================================================
Received Prepare
Registering precompiled user dll's ...
Registered in 0.000821 seconds.
Begin MonoManager ReloadAssembly
Native extension for WindowsStandalone target not found
Native extension for WebGL target not found
Refreshing native plugins compatible for Editor in 0.31 ms, found 1 plugins.
Preloading 0 native plugins for Editor in 0.00 ms.
Invoked RoslynAnalysisRunner static constructor.
RoslynAnalysisRunner will not be running.
RoslynAnalysisRunner has terminated.
Mono: successfully reloaded assembly
- Completed reload, in  0.680 seconds
Platform modules already initialized, skipping
Refreshing native plugins compatible for Editor in 0.30 ms, found 1 plugins.
Preloading 0 native plugins for Editor in 0.00 ms.
Unloading 1809 Unused Serialized files (Serialized files now loaded: 0)
System memory in use before: 88.1 MB.
System memory in use after: 88.1 MB.

Unloading 12 unused Assets to reduce memory usage. Loaded Objects now: 2339.
Total: 1.750800 ms (FindLiveObjects: 0.149700 ms CreateObjectMapping: 0.052000 ms MarkObjects: 1.461600 ms  DeleteObjects: 0.086700 ms)

========================================================================
Received Prepare
Registering precompiled user dll's ...
Registered in 0.000891 seconds.
Begin MonoManager ReloadAssembly
Native extension for WindowsStandalone target not found
Native extension for WebGL target not found
Refreshing native plugins compatible for Editor in 0.30 ms, found 1 plugins.
Preloading 0 native plugins for Editor in 0.00 ms.
Invoked RoslynAnalysisRunner static constructor.
RoslynAnalysisRunner will not be running.
RoslynAnalysisRunner has terminated.
Mono: successfully reloaded assembly
- Completed reload, in  0.680 seconds
Platform modules already initialized, skipping
Refreshing native plugins compatible for Editor in 0.33 ms, found 1 plugins.
Preloading 0 native plugins for Editor in 0.00 ms.
Unloading 1809 Unused Serialized files (Serialized files now loaded: 0)
System memory in use before: 88.1 MB.
System memory in use after: 88.1 MB.

Unloading 12 unused Assets to reduce memory usage. Loaded Objects now: 2343.
Total: 1.927200 ms (FindLiveObjects: 0.158000 ms CreateObjectMapping: 0.055800 ms MarkObjects: 1.622700 ms  DeleteObjects: 0.090100 ms)

========================================================================
Received Import Request.
  Time since last request: 88.402238 seconds.
  path: Assets/Enemy.prefab
  artifactKey: Guid(b860779e12d2d0044b821cc7c3460e95) Importer(815301076,1909f56bfc062723c751e8b465ee728b)
Start importing Assets/Enemy.prefab using Guid(b860779e12d2d0044b821cc7c3460e95) Importer(815301076,1909f56bfc062723c751e8b465ee728b)  -> (artifact id: '34c8a52817e50527713ac36606d23d2b') in 0.043250 seconds
  Import took 0.046968 seconds .

========================================================================
Received Import Request.
  Time since last request: 9.289319 seconds.
  path: Assets/Player.prefab
  artifactKey: Guid(b62fd01efec2b4b46b0db874c5b250c3) Importer(815301076,1909f56bfc062723c751e8b465ee728b)
Start importing Assets/Player.prefab using Guid(b62fd01efec2b4b46b0db874c5b250c3) Importer(815301076,1909f56bfc062723c751e8b465ee728b)  -> (artifact id: '812712a70a28733df4d2014160aa8099') in 0.011674 seconds
  Import took 0.014288 seconds .

========================================================================
Received Prepare
Registering precompiled user dll's ...
Registered in 0.000812 seconds.
Begin MonoManager ReloadAssembly
Native extension for WindowsStandalone target not found
Native extension for WebGL target not found
Refreshing native plugins compatible for Editor in 0.39 ms, found 1 plugins.
Preloading 0 native plugins for Editor in 0.00 ms.
Invoked RoslynAnalysisRunner static constructor.
RoslynAnalysisRunner will not be running.
RoslynAnalysisRunner has terminated.
Mono: successfully reloaded assembly
- Completed reload, in  0.689 seconds
Platform modules already initialized, skipping
Refreshing native plugins compatible for Editor in 0.30 ms, found 1 plugins.
Preloading 0 native plugins for Editor in 0.00 ms.
Unloading 1809 Unused Serialized files (Serialized files now loaded: 0)
System memory in use before: 88.1 MB.
System memory in use after: 88.1 MB.

Unloading 12 unused Assets to reduce memory usage. Loaded Objects now: 2348.
Total: 1.863900 ms (FindLiveObjects: 0.177700 ms CreateObjectMapping: 0.067600 ms MarkObjects: 1.522000 ms  DeleteObjects: 0.095800 ms)

========================================================================
Received Prepare
Registering precompiled user dll's ...
Registered in 0.000806 seconds.
Begin MonoManager ReloadAssembly
Native extension for WindowsStandalone target not found
Native extension for WebGL target not found
Refreshing native plugins compatible for Editor in 0.31 ms, found 1 plugins.
Preloading 0 native plugins for Editor in 0.00 ms.
Invoked RoslynAnalysisRunner static constructor.
RoslynAnalysisRunner will not be running.
RoslynAnalysisRunner has terminated.
Mono: successfully reloaded assembly
- Completed reload, in  0.690 seconds
Platform modules already initialized, skipping
Refreshing native plugins compatible for Editor in 0.30 ms, found 1 plugins.
Preloading 0 native plugins for Editor in 0.00 ms.
Unloading 1809 Unused Serialized files (Serialized files now loaded: 0)
System memory in use before: 88.1 MB.
System memory in use after: 88.1 MB.

Unloading 12 unused Assets to reduce memory usage. Loaded Objects now: 2352.
Total: 1.626600 ms (FindLiveObjects: 0.156000 ms CreateObjectMapping: 0.055800 ms MarkObjects: 1.320400 ms  DeleteObjects: 0.093700 ms)

========================================================================
Received Import Request.
  Time since last request: 26.209732 seconds.
  path: Assets/Enemy.prefab
  artifactKey: Guid(b860779e12d2d0044b821cc7c3460e95) Importer(815301076,1909f56bfc062723c751e8b465ee728b)
Start importing Assets/Enemy.prefab using Guid(b860779e12d2d0044b821cc7c3460e95) Importer(815301076,1909f56bfc062723c751e8b465ee728b)  -> (artifact id: '58c4c968ab1991b2718cec23f8f42b12') in 0.046922 seconds
  Import took 0.049551 seconds .

========================================================================
Received Import Request.
  Time since last request: 0.728173 seconds.
  path: Assets/Enemy.prefab
  artifactKey: Guid(b860779e12d2d0044b821cc7c3460e95) Importer(815301076,1909f56bfc062723c751e8b465ee728b)
Start importing Assets/Enemy.prefab using Guid(b860779e12d2d0044b821cc7c3460e95) Importer(815301076,1909f56bfc062723c751e8b465ee728b)  -> (artifact id: '12763b77bdd49eebe11bfa280f3ef898') in 0.009418 seconds
  Import took 0.012398 seconds .

========================================================================
Received Import Request.
  Time since last request: 0.021925 seconds.
  path: Assets/Enemy.prefab
  artifactKey: Guid(b860779e12d2d0044b821cc7c3460e95) Importer(815301076,1909f56bfc062723c751e8b465ee728b)
Start importing Assets/Enemy.prefab using Guid(b860779e12d2d0044b821cc7c3460e95) Importer(815301076,1909f56bfc062723c751e8b465ee728b)  -> (artifact id: '12763b77bdd49eebe11bfa280f3ef898') in 0.006399 seconds
  Import took 0.008966 seconds .

========================================================================
Received Prepare
Registering precompiled user dll's ...
Registered in 0.000790 seconds.
Begin MonoManager ReloadAssembly
Native extension for WindowsStandalone target not found
Native extension for WebGL target not found
Refreshing native plugins compatible for Editor in 0.34 ms, found 1 plugins.
Preloading 0 native plugins for Editor in 0.00 ms.
Invoked RoslynAnalysisRunner static constructor.
RoslynAnalysisRunner will not be running.
RoslynAnalysisRunner has terminated.
Mono: successfully reloaded assembly
- Completed reload, in  0.744 seconds
Platform modules already initialized, skipping
Refreshing native plugins compatible for Editor in 0.34 ms, found 1 plugins.
Preloading 0 native plugins for Editor in 0.00 ms.
Unloading 1809 Unused Serialized files (Serialized files now loaded: 0)
System memory in use before: 88.1 MB.
System memory in use after: 88.1 MB.

Unloading 12 unused Assets to reduce memory usage. Loaded Objects now: 2357.
Total: 1.998100 ms (FindLiveObjects: 0.204800 ms CreateObjectMapping: 0.102700 ms MarkObjects: 1.571100 ms  DeleteObjects: 0.118500 ms)

========================================================================
Received Import Request.
  Time since last request: 5.848161 seconds.
  path: Assets/Enemy.prefab
  artifactKey: Guid(b860779e12d2d0044b821cc7c3460e95) Importer(815301076,1909f56bfc062723c751e8b465ee728b)
Start importing Assets/Enemy.prefab using Guid(b860779e12d2d0044b821cc7c3460e95) Importer(815301076,1909f56bfc062723c751e8b465ee728b)  -> (artifact id: 'eb62ae2b47662c98261c15bdcefbcae8') in 0.046882 seconds
  Import took 0.050477 seconds .

========================================================================
Received Prepare
Registering precompiled user dll's ...
Registered in 0.000830 seconds.
Begin MonoManager ReloadAssembly
Native extension for WindowsStandalone target not found
Native extension for WebGL target not found
Refreshing native plugins compatible for Editor in 0.35 ms, found 1 plugins.
Preloading 0 native plugins for Editor in 0.00 ms.
Invoked RoslynAnalysisRunner static constructor.
RoslynAnalysisRunner will not be running.
RoslynAnalysisRunner has terminated.
Mono: successfully reloaded assembly
- Completed reload, in  0.688 seconds
Platform modules already initialized, skipping
Refreshing native plugins compatible for Editor in 0.30 ms, found 1 plugins.
Preloading 0 native plugins for Editor in 0.00 ms.
Unloading 1809 Unused Serialized files (Serialized files now loaded: 0)
System memory in use before: 88.1 MB.
System memory in use after: 88.1 MB.

Unloading 12 unused Assets to reduce memory usage. Loaded Objects now: 2362.
Total: 1.718500 ms (FindLiveObjects: 0.158800 ms CreateObjectMapping: 0.056800 ms MarkObjects: 1.410700 ms  DeleteObjects: 0.091700 ms)

========================================================================
Received Prepare
Registering precompiled user dll's ...
Registered in 0.000788 seconds.
Begin MonoManager ReloadAssembly
Native extension for WindowsStandalone target not found
Native extension for WebGL target not found
Refreshing native plugins compatible for Editor in 0.30 ms, found 1 plugins.
Preloading 0 native plugins for Editor in 0.00 ms.
Invoked RoslynAnalysisRunner static constructor.
RoslynAnalysisRunner will not be running.
RoslynAnalysisRunner has terminated.
Mono: successfully reloaded assembly
- Completed reload, in  0.677 seconds
Platform modules already initialized, skipping
Refreshing native plugins compatible for Editor in 0.30 ms, found 1 plugins.
Preloading 0 native plugins for Editor in 0.00 ms.
Unloading 1809 Unused Serialized files (Serialized files now loaded: 0)
System memory in use before: 88.1 MB.
System memory in use after: 88.1 MB.

Unloading 12 unused Assets to reduce memory usage. Loaded Objects now: 2366.
Total: 1.688800 ms (FindLiveObjects: 0.156500 ms CreateObjectMapping: 0.054700 ms MarkObjects: 1.386700 ms  DeleteObjects: 0.090200 ms)

========================================================================
Received Import Request.
  Time since last request: 979.098305 seconds.
  path: Assets/Sprites/CCUI.png
  artifactKey: Guid(e95e32e4708fca6489023c504e0a96a5) Importer(815301076,1909f56bfc062723c751e8b465ee728b)
Start importing Assets/Sprites/CCUI.png using Guid(e95e32e4708fca6489023c504e0a96a5) Importer(815301076,1909f56bfc062723c751e8b465ee728b)  -> (artifact id: '6758729a2f0bd825cd675b005f577501') in 0.051980 seconds
  Import took 0.055384 seconds .

========================================================================
Received Import Request.
  Time since last request: 0.002005 seconds.
  path: Assets/Sprites/CCUI.png
  artifactKey: Guid(e95e32e4708fca6489023c504e0a96a5) Importer(815301076,1909f56bfc062723c751e8b465ee728b)
Start importing Assets/Sprites/CCUI.png using Guid(e95e32e4708fca6489023c504e0a96a5) Importer(815301076,1909f56bfc062723c751e8b465ee728b)  -> (artifact id: '6758729a2f0bd825cd675b005f577501') in 0.012736 seconds
  Import took 0.015494 seconds .

========================================================================
Received Prepare
Registering precompiled user dll's ...
Registered in 0.000900 seconds.
Begin MonoManager ReloadAssembly
Native extension for WindowsStandalone target not found
Native extension for WebGL target not found
Refreshing native plugins compatible for Editor in 0.40 ms, found 1 plugins.
Preloading 0 native plugins for Editor in 0.00 ms.
Invoked RoslynAnalysisRunner static constructor.
RoslynAnalysisRunner will not be running.
RoslynAnalysisRunner has terminated.
Mono: successfully reloaded assembly
- Completed reload, in  0.669 seconds
Platform modules already initialized, skipping
Refreshing native plugins compatible for Editor in 0.33 ms, found 1 plugins.
Preloading 0 native plugins for Editor in 0.00 ms.
Unloading 1809 Unused Serialized files (Serialized files now loaded: 0)
System memory in use before: 88.2 MB.
System memory in use after: 88.1 MB.

Unloading 12 unused Assets to reduce memory usage. Loaded Objects now: 2373.
Total: 1.906800 ms (FindLiveObjects: 0.154500 ms CreateObjectMapping: 0.056000 ms MarkObjects: 1.596400 ms  DeleteObjects: 0.098600 ms)

========================================================================
Received Import Request.
  Time since last request: 453.134293 seconds.
  path: Assets/PlayerBattleHud.prefab
  artifactKey: Guid(549e866a538dc7442afae8f80bbe7020) Importer(815301076,1909f56bfc062723c751e8b465ee728b)
Start importing Assets/PlayerBattleHud.prefab using Guid(549e866a538dc7442afae8f80bbe7020) Importer(815301076,1909f56bfc062723c751e8b465ee728b)  -> (artifact id: 'adcc27c40d6d37a2db58aca9c51947ca') in 0.036665 seconds
  Import took 0.041181 seconds .

========================================================================
Received Prepare
Registering precompiled user dll's ...
Registered in 0.000891 seconds.
Begin MonoManager ReloadAssembly
Native extension for WindowsStandalone target not found
Native extension for WebGL target not found
Refreshing native plugins compatible for Editor in 0.31 ms, found 1 plugins.
Preloading 0 native plugins for Editor in 0.00 ms.
Invoked RoslynAnalysisRunner static constructor.
RoslynAnalysisRunner will not be running.
RoslynAnalysisRunner has terminated.
Mono: successfully reloaded assembly
- Completed reload, in  0.708 seconds
Platform modules already initialized, skipping
Refreshing native plugins compatible for Editor in 0.30 ms, found 1 plugins.
Preloading 0 native plugins for Editor in 0.00 ms.
Unloading 1809 Unused Serialized files (Serialized files now loaded: 0)
System memory in use before: 88.2 MB.
System memory in use after: 88.2 MB.

Unloading 13 unused Assets to reduce memory usage. Loaded Objects now: 2379.
Total: 1.766000 ms (FindLiveObjects: 0.158300 ms CreateObjectMapping: 0.054700 ms MarkObjects: 1.442200 ms  DeleteObjects: 0.110200 ms)

========================================================================
Received Prepare
Registering precompiled user dll's ...
Registered in 0.000848 seconds.
Begin MonoManager ReloadAssembly
Native extension for WindowsStandalone target not found
Native extension for WebGL target not found
Refreshing native plugins compatible for Editor in 0.33 ms, found 1 plugins.
Preloading 0 native plugins for Editor in 0.00 ms.
Invoked RoslynAnalysisRunner static constructor.
RoslynAnalysisRunner will not be running.
RoslynAnalysisRunner has terminated.
Mono: successfully reloaded assembly
- Completed reload, in  0.691 seconds
Platform modules already initialized, skipping
Refreshing native plugins compatible for Editor in 0.48 ms, found 1 plugins.
Preloading 0 native plugins for Editor in 0.00 ms.
Unloading 1809 Unused Serialized files (Serialized files now loaded: 0)
System memory in use before: 88.2 MB.
System memory in use after: 88.2 MB.

Unloading 12 unused Assets to reduce memory usage. Loaded Objects now: 2383.
Total: 3.156100 ms (FindLiveObjects: 0.300700 ms CreateObjectMapping: 0.207500 ms MarkObjects: 2.486900 ms  DeleteObjects: 0.159700 ms)

========================================================================
Received Prepare
Registering precompiled user dll's ...
Registered in 0.000852 seconds.
Begin MonoManager ReloadAssembly
Native extension for WindowsStandalone target not found
Native extension for WebGL target not found
Refreshing native plugins compatible for Editor in 0.38 ms, found 1 plugins.
Preloading 0 native plugins for Editor in 0.00 ms.
Invoked RoslynAnalysisRunner static constructor.
RoslynAnalysisRunner will not be running.
RoslynAnalysisRunner has terminated.
Mono: successfully reloaded assembly
- Completed reload, in  0.682 seconds
Platform modules already initialized, skipping
Refreshing native plugins compatible for Editor in 0.33 ms, found 1 plugins.
Preloading 0 native plugins for Editor in 0.00 ms.
Unloading 1809 Unused Serialized files (Serialized files now loaded: 0)
System memory in use before: 88.3 MB.
System memory in use after: 88.2 MB.

Unloading 12 unused Assets to reduce memory usage. Loaded Objects now: 2387.
Total: 1.782300 ms (FindLiveObjects: 0.160900 ms CreateObjectMapping: 0.055100 ms MarkObjects: 1.473500 ms  DeleteObjects: 0.092000 ms)

========================================================================
Received Prepare
Registering precompiled user dll's ...
Registered in 0.000821 seconds.
Begin MonoManager ReloadAssembly
Native extension for WindowsStandalone target not found
Native extension for WebGL target not found
Refreshing native plugins compatible for Editor in 0.35 ms, found 1 plugins.
Preloading 0 native plugins for Editor in 0.00 ms.
Invoked RoslynAnalysisRunner static constructor.
RoslynAnalysisRunner will not be running.
RoslynAnalysisRunner has terminated.
Mono: successfully reloaded assembly
- Completed reload, in  0.687 seconds
Platform modules already initialized, skipping
Refreshing native plugins compatible for Editor in 0.37 ms, found 1 plugins.
Preloading 0 native plugins for Editor in 0.00 ms.
Unloading 1809 Unused Serialized files (Serialized files now loaded: 0)
System memory in use before: 88.3 MB.
System memory in use after: 88.3 MB.

Unloading 12 unused Assets to reduce memory usage. Loaded Objects now: 2391.
Total: 1.798200 ms (FindLiveObjects: 0.161000 ms CreateObjectMapping: 0.053100 ms MarkObjects: 1.492800 ms  DeleteObjects: 0.090600 ms)

========================================================================
Received Prepare
Registering precompiled user dll's ...
Registered in 0.000808 seconds.
Begin MonoManager ReloadAssembly
Native extension for WindowsStandalone target not found
Native extension for WebGL target not found
Refreshing native plugins compatible for Editor in 0.32 ms, found 1 plugins.
Preloading 0 native plugins for Editor in 0.00 ms.
Invoked RoslynAnalysisRunner static constructor.
RoslynAnalysisRunner will not be running.
RoslynAnalysisRunner has terminated.
Mono: successfully reloaded assembly
- Completed reload, in  0.693 seconds
Platform modules already initialized, skipping
Refreshing native plugins compatible for Editor in 0.30 ms, found 1 plugins.
Preloading 0 native plugins for Editor in 0.00 ms.
Unloading 1809 Unused Serialized files (Serialized files now loaded: 0)
System memory in use before: 88.3 MB.
System memory in use after: 88.3 MB.

Unloading 12 unused Assets to reduce memory usage. Loaded Objects now: 2395.
Total: 1.627900 ms (FindLiveObjects: 0.146000 ms CreateObjectMapping: 0.048000 ms MarkObjects: 1.345600 ms  DeleteObjects: 0.087800 ms)

========================================================================
Received Prepare
Registering precompiled user dll's ...
Registered in 0.000803 seconds.
Begin MonoManager ReloadAssembly
Native extension for WindowsStandalone target not found
Native extension for WebGL target not found
Refreshing native plugins compatible for Editor in 0.34 ms, found 1 plugins.
Preloading 0 native plugins for Editor in 0.00 ms.
Invoked RoslynAnalysisRunner static constructor.
RoslynAnalysisRunner will not be running.
RoslynAnalysisRunner has terminated.
Mono: successfully reloaded assembly
- Completed reload, in  0.682 seconds
Platform modules already initialized, skipping
Refreshing native plugins compatible for Editor in 0.30 ms, found 1 plugins.
Preloading 0 native plugins for Editor in 0.00 ms.
Unloading 1809 Unused Serialized files (Serialized files now loaded: 0)
System memory in use before: 88.3 MB.
System memory in use after: 88.3 MB.

Unloading 12 unused Assets to reduce memory usage. Loaded Objects now: 2399.
Total: 1.694300 ms (FindLiveObjects: 0.164700 ms CreateObjectMapping: 0.057100 ms MarkObjects: 1.381900 ms  DeleteObjects: 0.090000 ms)

========================================================================
Received Prepare
Registering precompiled user dll's ...
Registered in 0.000778 seconds.
Begin MonoManager ReloadAssembly
Native extension for WindowsStandalone target not found
Native extension for WebGL target not found
Refreshing native plugins compatible for Editor in 0.38 ms, found 1 plugins.
Preloading 0 native plugins for Editor in 0.00 ms.
Invoked RoslynAnalysisRunner static constructor.
RoslynAnalysisRunner will not be running.
RoslynAnalysisRunner has terminated.
Mono: successfully reloaded assembly
- Completed reload, in  0.695 seconds
Platform modules already initialized, skipping
Refreshing native plugins compatible for Editor in 0.34 ms, found 1 plugins.
Preloading 0 native plugins for Editor in 0.00 ms.
Unloading 1809 Unused Serialized files (Serialized files now loaded: 0)
System memory in use before: 88.3 MB.
System memory in use after: 88.3 MB.

Unloading 12 unused Assets to reduce memory usage. Loaded Objects now: 2403.
Total: 1.779500 ms (FindLiveObjects: 0.159500 ms CreateObjectMapping: 0.057900 ms MarkObjects: 1.466200 ms  DeleteObjects: 0.095200 ms)

========================================================================
Received Prepare
Registering precompiled user dll's ...
Registered in 0.000877 seconds.
Begin MonoManager ReloadAssembly
Native extension for WindowsStandalone target not found
Native extension for WebGL target not found
Refreshing native plugins compatible for Editor in 0.29 ms, found 1 plugins.
Preloading 0 native plugins for Editor in 0.00 ms.
Invoked RoslynAnalysisRunner static constructor.
RoslynAnalysisRunner will not be running.
RoslynAnalysisRunner has terminated.
Mono: successfully reloaded assembly
- Completed reload, in  0.723 seconds
Platform modules already initialized, skipping
Refreshing native plugins compatible for Editor in 0.29 ms, found 1 plugins.
Preloading 0 native plugins for Editor in 0.00 ms.
Unloading 1809 Unused Serialized files (Serialized files now loaded: 0)
System memory in use before: 88.3 MB.
System memory in use after: 88.3 MB.

Unloading 12 unused Assets to reduce memory usage. Loaded Objects now: 2407.
Total: 3.118500 ms (FindLiveObjects: 0.253500 ms CreateObjectMapping: 0.103400 ms MarkObjects: 2.591200 ms  DeleteObjects: 0.168800 ms)

========================================================================
Received Import Request.
  Time since last request: 915.341076 seconds.
  path: ProjectSettings/TagManager.asset
  artifactKey: Guid(00000000000000003000000000000000) Importer(815301076,1909f56bfc062723c751e8b465ee728b)
Start importing ProjectSettings/TagManager.asset using Guid(00000000000000003000000000000000) Importer(815301076,1909f56bfc062723c751e8b465ee728b)  -> (artifact id: '779d5949113fa91bb85f64f090860d93') in 0.021535 seconds
  Import took 0.025149 seconds .

========================================================================
Received Import Request.
  Time since last request: 0.000590 seconds.
  path: ProjectSettings/TagManager.asset
  artifactKey: Guid(00000000000000003000000000000000) Importer(815301076,1909f56bfc062723c751e8b465ee728b)
Start importing ProjectSettings/TagManager.asset using Guid(00000000000000003000000000000000) Importer(815301076,1909f56bfc062723c751e8b465ee728b)  -> (artifact id: '779d5949113fa91bb85f64f090860d93') in 0.004511 seconds
  Import took 0.007779 seconds .

========================================================================
Received Prepare
Registering precompiled user dll's ...
Registered in 0.000833 seconds.
Begin MonoManager ReloadAssembly
Native extension for WindowsStandalone target not found
Native extension for WebGL target not found
Refreshing native plugins compatible for Editor in 0.35 ms, found 1 plugins.
Preloading 0 native plugins for Editor in 0.00 ms.
Invoked RoslynAnalysisRunner static constructor.
RoslynAnalysisRunner will not be running.
RoslynAnalysisRunner has terminated.
Mono: successfully reloaded assembly
- Completed reload, in  0.694 seconds
Platform modules already initialized, skipping
Refreshing native plugins compatible for Editor in 0.31 ms, found 1 plugins.
Preloading 0 native plugins for Editor in 0.00 ms.
Unloading 1809 Unused Serialized files (Serialized files now loaded: 0)
System memory in use before: 88.3 MB.
System memory in use after: 88.3 MB.

Unloading 14 unused Assets to reduce memory usage. Loaded Objects now: 2411.
Total: 1.817800 ms (FindLiveObjects: 0.164300 ms CreateObjectMapping: 0.054600 ms MarkObjects: 1.501700 ms  DeleteObjects: 0.096300 ms)

========================================================================
Received Prepare
Registering precompiled user dll's ...
Registered in 0.000932 seconds.
Begin MonoManager ReloadAssembly
Native extension for WindowsStandalone target not found
Native extension for WebGL target not found
Refreshing native plugins compatible for Editor in 0.31 ms, found 1 plugins.
Preloading 0 native plugins for Editor in 0.00 ms.
Invoked RoslynAnalysisRunner static constructor.
RoslynAnalysisRunner will not be running.
RoslynAnalysisRunner has terminated.
Mono: successfully reloaded assembly
- Completed reload, in  0.764 seconds
Platform modules already initialized, skipping
Refreshing native plugins compatible for Editor in 0.29 ms, found 1 plugins.
Preloading 0 native plugins for Editor in 0.00 ms.
Unloading 1809 Unused Serialized files (Serialized files now loaded: 0)
System memory in use before: 88.3 MB.
System memory in use after: 88.3 MB.

Unloading 12 unused Assets to reduce memory usage. Loaded Objects now: 2415.
Total: 1.808900 ms (FindLiveObjects: 0.164300 ms CreateObjectMapping: 0.058600 ms MarkObjects: 1.482900 ms  DeleteObjects: 0.102100 ms)

========================================================================
Received Prepare
Registering precompiled user dll's ...
Registered in 0.000853 seconds.
Begin MonoManager ReloadAssembly
Native extension for WindowsStandalone target not found
Native extension for WebGL target not found
Refreshing native plugins compatible for Editor in 0.33 ms, found 1 plugins.
Preloading 0 native plugins for Editor in 0.00 ms.
Invoked RoslynAnalysisRunner static constructor.
RoslynAnalysisRunner will not be running.
RoslynAnalysisRunner has terminated.
Mono: successfully reloaded assembly
- Completed reload, in  0.682 seconds
Platform modules already initialized, skipping
Refreshing native plugins compatible for Editor in 0.31 ms, found 1 plugins.
Preloading 0 native plugins for Editor in 0.00 ms.
Unloading 1809 Unused Serialized files (Serialized files now loaded: 0)
System memory in use before: 88.3 MB.
System memory in use after: 88.3 MB.

Unloading 12 unused Assets to reduce memory usage. Loaded Objects now: 2419.
Total: 1.783900 ms (FindLiveObjects: 0.161200 ms CreateObjectMapping: 0.054100 ms MarkObjects: 1.470600 ms  DeleteObjects: 0.097200 ms)

========================================================================
Received Prepare
Registering precompiled user dll's ...
Registered in 0.001089 seconds.
Begin MonoManager ReloadAssembly
Native extension for WindowsStandalone target not found
Native extension for WebGL target not found
Refreshing native plugins compatible for Editor in 0.30 ms, found 1 plugins.
Preloading 0 native plugins for Editor in 0.00 ms.
Invoked RoslynAnalysisRunner static constructor.
RoslynAnalysisRunner will not be running.
RoslynAnalysisRunner has terminated.
Mono: successfully reloaded assembly
- Completed reload, in  0.679 seconds
Platform modules already initialized, skipping
Refreshing native plugins compatible for Editor in 0.32 ms, found 1 plugins.
Preloading 0 native plugins for Editor in 0.00 ms.
Unloading 1809 Unused Serialized files (Serialized files now loaded: 0)
System memory in use before: 88.3 MB.
System memory in use after: 88.3 MB.

Unloading 12 unused Assets to reduce memory usage. Loaded Objects now: 2423.
Total: 1.665100 ms (FindLiveObjects: 0.157300 ms CreateObjectMapping: 0.056200 ms MarkObjects: 1.363600 ms  DeleteObjects: 0.087200 ms)

========================================================================
Received Prepare
Registering precompiled user dll's ...
Registered in 0.000903 seconds.
Begin MonoManager ReloadAssembly
Native extension for WindowsStandalone target not found
Native extension for WebGL target not found
Refreshing native plugins compatible for Editor in 0.34 ms, found 1 plugins.
Preloading 0 native plugins for Editor in 0.00 ms.
Invoked RoslynAnalysisRunner static constructor.
RoslynAnalysisRunner will not be running.
RoslynAnalysisRunner has terminated.
Mono: successfully reloaded assembly
- Completed reload, in  0.689 seconds
Platform modules already initialized, skipping
Refreshing native plugins compatible for Editor in 0.29 ms, found 1 plugins.
Preloading 0 native plugins for Editor in 0.00 ms.
Unloading 1809 Unused Serialized files (Serialized files now loaded: 0)
System memory in use before: 88.3 MB.
System memory in use after: 88.3 MB.

Unloading 12 unused Assets to reduce memory usage. Loaded Objects now: 2427.
Total: 1.757700 ms (FindLiveObjects: 0.159500 ms CreateObjectMapping: 0.052000 ms MarkObjects: 1.452000 ms  DeleteObjects: 0.093400 ms)

========================================================================
Received Import Request.
  Time since last request: 1164.985369 seconds.
  path: Assets/PlayerBattleHud 1.prefab
  artifactKey: Guid(b08c3d48f11eb884b84c39e97c940be8) Importer(815301076,1909f56bfc062723c751e8b465ee728b)
Start importing Assets/PlayerBattleHud 1.prefab using Guid(b08c3d48f11eb884b84c39e97c940be8) Importer(815301076,1909f56bfc062723c751e8b465ee728b)  -> (artifact id: '542c44b18b11ff23395b264f42ca0bc3') in 0.037707 seconds
  Import took 0.040934 seconds .

========================================================================
Received Import Request.
  Time since last request: 0.001332 seconds.
  path: Assets/PlayerBattleHud 1.prefab
  artifactKey: Guid(b08c3d48f11eb884b84c39e97c940be8) Importer(815301076,1909f56bfc062723c751e8b465ee728b)
Start importing Assets/PlayerBattleHud 1.prefab using Guid(b08c3d48f11eb884b84c39e97c940be8) Importer(815301076,1909f56bfc062723c751e8b465ee728b)  -> (artifact id: '542c44b18b11ff23395b264f42ca0bc3') in 0.004538 seconds
  Import took 0.007068 seconds .

========================================================================
Received Prepare
Registering precompiled user dll's ...
Registered in 0.000828 seconds.
Begin MonoManager ReloadAssembly
Native extension for WindowsStandalone target not found
Native extension for WebGL target not found
Refreshing native plugins compatible for Editor in 0.32 ms, found 1 plugins.
Preloading 0 native plugins for Editor in 0.00 ms.
Invoked RoslynAnalysisRunner static constructor.
RoslynAnalysisRunner will not be running.
RoslynAnalysisRunner has terminated.
Mono: successfully reloaded assembly
- Completed reload, in  0.695 seconds
Platform modules already initialized, skipping
Refreshing native plugins compatible for Editor in 0.30 ms, found 1 plugins.
Preloading 0 native plugins for Editor in 0.00 ms.
Unloading 1809 Unused Serialized files (Serialized files now loaded: 0)
System memory in use before: 88.4 MB.
System memory in use after: 88.4 MB.

Unloading 15 unused Assets to reduce memory usage. Loaded Objects now: 2431.
Total: 1.795200 ms (FindLiveObjects: 0.156900 ms CreateObjectMapping: 0.055300 ms MarkObjects: 1.484300 ms  DeleteObjects: 0.098100 ms)

========================================================================
Received Prepare
Registering precompiled user dll's ...
Registered in 0.000942 seconds.
Begin MonoManager ReloadAssembly
Native extension for WindowsStandalone target not found
Native extension for WebGL target not found
Refreshing native plugins compatible for Editor in 0.30 ms, found 1 plugins.
Preloading 0 native plugins for Editor in 0.00 ms.
Invoked RoslynAnalysisRunner static constructor.
RoslynAnalysisRunner will not be running.
RoslynAnalysisRunner has terminated.
Mono: successfully reloaded assembly
- Completed reload, in  0.674 seconds
Platform modules already initialized, skipping
Refreshing native plugins compatible for Editor in 0.29 ms, found 1 plugins.
Preloading 0 native plugins for Editor in 0.00 ms.
Unloading 1809 Unused Serialized files (Serialized files now loaded: 0)
System memory in use before: 88.4 MB.
System memory in use after: 88.4 MB.

Unloading 12 unused Assets to reduce memory usage. Loaded Objects now: 2435.
Total: 1.880300 ms (FindLiveObjects: 0.218100 ms CreateObjectMapping: 0.074200 ms MarkObjects: 1.475100 ms  DeleteObjects: 0.090600 ms)

========================================================================
Received Import Request.
  Time since last request: 177.185469 seconds.
  path: Assets/Scripts/BattleHUD.cs
  artifactKey: Guid(7e81adb8842105346b91edf1345764fe) Importer(815301076,1909f56bfc062723c751e8b465ee728b)
Start importing Assets/Scripts/BattleHUD.cs using Guid(7e81adb8842105346b91edf1345764fe) Importer(815301076,1909f56bfc062723c751e8b465ee728b)  -> (artifact id: '5264518ac928d117fdbc87e759ff5946') in 0.008531 seconds
  Import took 0.011157 seconds .

========================================================================
Received Prepare
Registering precompiled user dll's ...
Registered in 0.000813 seconds.
Begin MonoManager ReloadAssembly
Native extension for WindowsStandalone target not found
Native extension for WebGL target not found
Refreshing native plugins compatible for Editor in 0.31 ms, found 1 plugins.
Preloading 0 native plugins for Editor in 0.00 ms.
Invoked RoslynAnalysisRunner static constructor.
RoslynAnalysisRunner will not be running.
RoslynAnalysisRunner has terminated.
Mono: successfully reloaded assembly
- Completed reload, in  0.743 seconds
Platform modules already initialized, skipping
Refreshing native plugins compatible for Editor in 0.30 ms, found 1 plugins.
Preloading 0 native plugins for Editor in 0.00 ms.
Unloading 1809 Unused Serialized files (Serialized files now loaded: 0)
System memory in use before: 88.4 MB.
System memory in use after: 88.4 MB.

Unloading 12 unused Assets to reduce memory usage. Loaded Objects now: 2439.
Total: 1.662500 ms (FindLiveObjects: 0.157600 ms CreateObjectMapping: 0.053000 ms MarkObjects: 1.359500 ms  DeleteObjects: 0.091800 ms)

========================================================================
Received Prepare
Registering precompiled user dll's ...
Registered in 0.000862 seconds.
Begin MonoManager ReloadAssembly
Native extension for WindowsStandalone target not found
Native extension for WebGL target not found
Refreshing native plugins compatible for Editor in 0.30 ms, found 1 plugins.
Preloading 0 native plugins for Editor in 0.00 ms.
Invoked RoslynAnalysisRunner static constructor.
RoslynAnalysisRunner will not be running.
RoslynAnalysisRunner has terminated.
Mono: successfully reloaded assembly
- Completed reload, in  0.678 seconds
Platform modules already initialized, skipping
Refreshing native plugins compatible for Editor in 0.29 ms, found 1 plugins.
Preloading 0 native plugins for Editor in 0.00 ms.
Unloading 1809 Unused Serialized files (Serialized files now loaded: 0)
System memory in use before: 88.4 MB.
System memory in use after: 88.4 MB.

Unloading 12 unused Assets to reduce memory usage. Loaded Objects now: 2443.
Total: 1.589000 ms (FindLiveObjects: 0.148400 ms CreateObjectMapping: 0.047100 ms MarkObjects: 1.301200 ms  DeleteObjects: 0.091600 ms)

========================================================================
Received Prepare
Registering precompiled user dll's ...
Registered in 0.000829 seconds.
Begin MonoManager ReloadAssembly
Native extension for WindowsStandalone target not found
Native extension for WebGL target not found
Refreshing native plugins compatible for Editor in 0.32 ms, found 1 plugins.
Preloading 0 native plugins for Editor in 0.00 ms.
Invoked RoslynAnalysisRunner static constructor.
RoslynAnalysisRunner will not be running.
RoslynAnalysisRunner has terminated.
Mono: successfully reloaded assembly
- Completed reload, in  0.694 seconds
Platform modules already initialized, skipping
Refreshing native plugins compatible for Editor in 0.32 ms, found 1 plugins.
Preloading 0 native plugins for Editor in 0.00 ms.
Unloading 1809 Unused Serialized files (Serialized files now loaded: 0)
System memory in use before: 88.4 MB.
System memory in use after: 88.4 MB.

Unloading 12 unused Assets to reduce memory usage. Loaded Objects now: 2447.
Total: 1.813800 ms (FindLiveObjects: 0.169300 ms CreateObjectMapping: 0.069900 ms MarkObjects: 1.474800 ms  DeleteObjects: 0.099000 ms)

========================================================================
Received Prepare
Registering precompiled user dll's ...
Registered in 0.001076 seconds.
Begin MonoManager ReloadAssembly
Native extension for WindowsStandalone target not found
Native extension for WebGL target not found
Refreshing native plugins compatible for Editor in 0.31 ms, found 1 plugins.
Preloading 0 native plugins for Editor in 0.00 ms.
Invoked RoslynAnalysisRunner static constructor.
RoslynAnalysisRunner will not be running.
RoslynAnalysisRunner has terminated.
Mono: successfully reloaded assembly
- Completed reload, in  0.727 seconds
Platform modules already initialized, skipping
Refreshing native plugins compatible for Editor in 0.30 ms, found 1 plugins.
Preloading 0 native plugins for Editor in 0.00 ms.
Unloading 1809 Unused Serialized files (Serialized files now loaded: 0)
System memory in use before: 88.4 MB.
System memory in use after: 88.4 MB.

Unloading 12 unused Assets to reduce memory usage. Loaded Objects now: 2451.
Total: 1.921000 ms (FindLiveObjects: 0.164000 ms CreateObjectMapping: 0.057900 ms MarkObjects: 1.599600 ms  DeleteObjects: 0.098700 ms)

========================================================================
Received Prepare
Registering precompiled user dll's ...
Registered in 0.000807 seconds.
Begin MonoManager ReloadAssembly
Native extension for WindowsStandalone target not found
Native extension for WebGL target not found
Refreshing native plugins compatible for Editor in 0.37 ms, found 1 plugins.
Preloading 0 native plugins for Editor in 0.00 ms.
Invoked RoslynAnalysisRunner static constructor.
RoslynAnalysisRunner will not be running.
RoslynAnalysisRunner has terminated.
Mono: successfully reloaded assembly
- Completed reload, in  0.697 seconds
Platform modules already initialized, skipping
Refreshing native plugins compatible for Editor in 0.30 ms, found 1 plugins.
Preloading 0 native plugins for Editor in 0.00 ms.
Unloading 1809 Unused Serialized files (Serialized files now loaded: 0)
System memory in use before: 88.4 MB.
System memory in use after: 88.4 MB.

Unloading 12 unused Assets to reduce memory usage. Loaded Objects now: 2455.
Total: 1.754400 ms (FindLiveObjects: 0.189000 ms CreateObjectMapping: 0.061800 ms MarkObjects: 1.407700 ms  DeleteObjects: 0.095100 ms)

========================================================================
Received Prepare
Registering precompiled user dll's ...
Registered in 0.000767 seconds.
Begin MonoManager ReloadAssembly
Native extension for WindowsStandalone target not found
Native extension for WebGL target not found
Refreshing native plugins compatible for Editor in 0.30 ms, found 1 plugins.
Preloading 0 native plugins for Editor in 0.00 ms.
Invoked RoslynAnalysisRunner static constructor.
RoslynAnalysisRunner will not be running.
RoslynAnalysisRunner has terminated.
Mono: successfully reloaded assembly
- Completed reload, in  0.854 seconds
Platform modules already initialized, skipping
Refreshing native plugins compatible for Editor in 0.31 ms, found 1 plugins.
Preloading 0 native plugins for Editor in 0.00 ms.
Unloading 1809 Unused Serialized files (Serialized files now loaded: 0)
System memory in use before: 88.4 MB.
System memory in use after: 88.4 MB.

Unloading 12 unused Assets to reduce memory usage. Loaded Objects now: 2459.
Total: 1.688000 ms (FindLiveObjects: 0.153600 ms CreateObjectMapping: 0.047500 ms MarkObjects: 1.395200 ms  DeleteObjects: 0.091000 ms)

========================================================================
Received Import Request.
  Time since last request: 635.609902 seconds.
  path: Assets/Scenes/SampleScene.unity
  artifactKey: Guid(2cda990e2423bbf4892e6590ba056729) Importer(815301076,1909f56bfc062723c751e8b465ee728b)
Start importing Assets/Scenes/SampleScene.unity using Guid(2cda990e2423bbf4892e6590ba056729) Importer(815301076,1909f56bfc062723c751e8b465ee728b)  -> (artifact id: '4277dab6a28e8e1d23739f05f438b540') in 0.020425 seconds
  Import took 0.023999 seconds .

========================================================================
Received Import Request.
  Time since last request: 7.147511 seconds.
  path: Assets/Scenes/Battle.unity
  artifactKey: Guid(4653712d31a1585418f114cf25956ab3) Importer(815301076,1909f56bfc062723c751e8b465ee728b)
Start importing Assets/Scenes/Battle.unity using Guid(4653712d31a1585418f114cf25956ab3) Importer(815301076,1909f56bfc062723c751e8b465ee728b)  -> (artifact id: '297fa1b02dc93bec2e7ffcc6907e5571') in 0.010816 seconds
  Import took 0.014199 seconds .

AssetImportWorkerClient::OnTransportError - code=2 error=End of file
